<?xml version="1.0" encoding="UTF-8"?>
<!-- Generated by org.testng.reporters.JUnitXMLReporter -->
<testsuite ignored="0" hostname="Rakesh-Singh" failures="0" tests="4" name="Open cart Register Test" time="39.607" errors="0" timestamp="27 Jun 2024 09:03:20 GMT">
  <testcase classname="com.qa.opencart.tests.RegisterTest" name="userRegisterTest" time="3.364"/>
  <testcase classname="com.qa.opencart.tests.RegisterTest" name="userRegisterTest" time="4.831"/>
  <testcase classname="com.qa.opencart.tests.RegisterTest" name="userRegisterTest" time="7.283"/>
  <testcase classname="com.qa.opencart.tests.RegisterTest" name="userRegisterTest" time="8.106"/>
</testsuite> <!-- Open cart Register Test -->
