<?xml version="1.0" encoding="UTF-8"?>
<!-- Generated by org.testng.reporters.JUnitXMLReporter -->
<testsuite ignored="0" hostname="Rakesh-Singh" failures="0" tests="14" name="Open cart Search Result PageTest" time="39.397" errors="0" timestamp="27 Jun 2024 09:03:37 GMT">
  <testcase classname="com.qa.opencart.tests.SearchResultPageTest" name="ProductDesc" time="6.196"/>
  <testcase classname="com.qa.opencart.tests.SearchResultPageTest" name="doSearch" time="2.08"/>
  <testcase classname="com.qa.opencart.tests.SearchResultPageTest" name="doSearch" time="1.83"/>
  <testcase classname="com.qa.opencart.tests.SearchResultPageTest" name="doSearch" time="2.305"/>
  <testcase classname="com.qa.opencart.tests.SearchResultPageTest" name="doSearch" time="1.8"/>
  <testcase classname="com.qa.opencart.tests.SearchResultPageTest" name="imagesCountTest" time="2.02"/>
  <testcase classname="com.qa.opencart.tests.SearchResultPageTest" name="imagesCountTest" time="1.204"/>
  <testcase classname="com.qa.opencart.tests.SearchResultPageTest" name="imagesCountTest" time="1.077"/>
  <testcase classname="com.qa.opencart.tests.SearchResultPageTest" name="imagesCountTest" time="0.965"/>
  <testcase classname="com.qa.opencart.tests.SearchResultPageTest" name="productDtaTest" time="1.305"/>
  <testcase classname="com.qa.opencart.tests.SearchResultPageTest" name="productInfoTest" time="1.026"/>
  <testcase classname="com.qa.opencart.tests.SearchResultPageTest" name="productInfoTest" time="1.111"/>
  <testcase classname="com.qa.opencart.tests.SearchResultPageTest" name="productInfoTest" time="1.199"/>
  <testcase classname="com.qa.opencart.tests.SearchResultPageTest" name="productInfoTest" time="1.33"/>
</testsuite> <!-- Open cart Search Result PageTest -->
