<?xml version="1.0" encoding="UTF-8"?>
<!-- Generated by org.testng.reporters.JUnitXMLReporter -->
<testsuite ignored="0" hostname="Rakesh-Singh" failures="1" tests="13" name="Open cart Login Page Test" time="16.891" errors="0" timestamp="27 Jun 2024 09:02:57 GMT">
  <testcase classname="com.qa.opencart.tests.LoginPageTest" name="verifyEmailAddressFieldIsPresent" time="1.305"/>
  <testcase classname="com.qa.opencart.tests.LoginPageTest" name="verifyFailTest" time="0.042">
    <skipped/>
  </testcase> <!-- verifyFailTest -->
  <testcase classname="com.qa.opencart.tests.LoginPageTest" name="verifyFailTest" time="0.035">
    <skipped/>
  </testcase> <!-- verifyFailTest -->
  <testcase classname="com.qa.opencart.tests.LoginPageTest" name="verifyFailTest" time="0.03">
    <skipped/>
  </testcase> <!-- verifyFailTest -->
  <testcase classname="com.qa.opencart.tests.LoginPageTest" name="verifyFailTest" time="0.041">
    <failure type="java.lang.AssertionError" message="Login page title doesn&amp;apos;t match expected. expected [Opencart] but found [Rakesh]">
      <![CDATA[java.lang.AssertionError: Login page title doesn't match expected. expected [Opencart] but found [Rakesh]
at org.testng.Assert.fail(Assert.java:96)
at org.testng.Assert.failNotEquals(Assert.java:776)
at org.testng.Assert.assertEqualsImpl(Assert.java:137)
at org.testng.Assert.assertEquals(Assert.java:118)
at org.testng.Assert.assertEquals(Assert.java:453)
at com.qa.opencart.tests.LoginPageTest.verifyFailTest(LoginPageTest.java:35)
at java.base/jdk.internal.reflect.NativeMethodAccessorImpl.invoke0(Native Method)
at java.base/jdk.internal.reflect.NativeMethodAccessorImpl.invoke(NativeMethodAccessorImpl.java:77)
at java.base/jdk.internal.reflect.DelegatingMethodAccessorImpl.invoke(DelegatingMethodAccessorImpl.java:43)
at java.base/java.lang.reflect.Method.invoke(Method.java:568)
at org.testng.internal.MethodInvocationHelper.invokeMethod(MethodInvocationHelper.java:124)
at org.testng.internal.Invoker.invokeMethod(Invoker.java:583)
at org.testng.internal.Invoker.retryFailed(Invoker.java:839)
at org.testng.internal.Invoker.invokeTestMethods(Invoker.java:1010)
at org.testng.internal.TestMethodWorker.invokeTestMethods(TestMethodWorker.java:125)
at org.testng.internal.TestMethodWorker.run(TestMethodWorker.java:109)
at org.testng.TestRunner.privateRun(TestRunner.java:648)
at org.testng.TestRunner.run(TestRunner.java:505)
at org.testng.SuiteRunner.runTest(SuiteRunner.java:455)
at org.testng.SuiteRunner.access$000(SuiteRunner.java:40)
at org.testng.SuiteRunner$SuiteWorker.run(SuiteRunner.java:489)
at org.testng.internal.thread.ThreadUtil$1.call(ThreadUtil.java:52)
at java.base/java.util.concurrent.FutureTask.run(FutureTask.java:264)
at java.base/java.util.concurrent.ThreadPoolExecutor.runWorker(ThreadPoolExecutor.java:1136)
at java.base/java.util.concurrent.ThreadPoolExecutor$Worker.run(ThreadPoolExecutor.java:635)
at java.base/java.lang.Thread.run(Thread.java:833)
]]>
    </failure>
  </testcase> <!-- verifyFailTest -->
  <testcase classname="com.qa.opencart.tests.LoginPageTest" name="verifyLoginLinkIsPresent" time="0.398"/>
  <testcase classname="com.qa.opencart.tests.LoginPageTest" name="verifyLoginPageTitle" time="0.271"/>
  <testcase classname="com.qa.opencart.tests.LoginPageTest" name="verifyLoginPageUrl" time="0.238"/>
  <testcase classname="com.qa.opencart.tests.LoginPageTest" name="verifyPasswordFieldIsPresent" time="0.098"/>
  <testcase classname="com.qa.opencart.tests.LoginPageTest" name="verifyRegisterFieldIsPresent" time="0.081"/>
  <testcase classname="com.qa.opencart.tests.LoginPageTest" name="verifyReturningCustomerTextIsPresent" time="0.075"/>
  <testcase classname="com.qa.opencart.tests.LoginPageTest" name="verifySearchBoxIsPresent" time="0.105"/>
  <testcase classname="com.qa.opencart.tests.LoginPageTest" name="verifySuccessfulLogin" time="1.858"/>
</testsuite> <!-- Open cart Login Page Test -->
