<?xml version="1.0" encoding="UTF-8"?>
<!-- Generated by org.testng.reporters.JUnitXMLReporter -->
<testsuite ignored="0" hostname="Rakesh-Singh" failures="0" tests="10" name="Open cart Account Page Test" time="19.842" errors="0" timestamp="27 Jun 2024 09:17:00 GMT">
  <testcase classname="com.qa.opencart.tests.AccountPageTest" name="LogoutLinkPresent" time="0.287"/>
  <testcase classname="com.qa.opencart.tests.AccountPageTest" name="accountTitlrTest" time="0.109"/>
  <testcase classname="com.qa.opencart.tests.AccountPageTest" name="addToCartButtonPresent" time="0.21"/>
  <testcase classname="com.qa.opencart.tests.AccountPageTest" name="footerLinkAllList" time="1.175"/>
  <testcase classname="com.qa.opencart.tests.AccountPageTest" name="getMyAccountPresent" time="0.102"/>
  <testcase classname="com.qa.opencart.tests.AccountPageTest" name="getPageUrlTest" time="0.036"/>
  <testcase classname="com.qa.opencart.tests.AccountPageTest" name="getcontentMainHeaderList" time="0.204"/>
  <testcase classname="com.qa.opencart.tests.AccountPageTest" name="homePageHeader" time="0.169"/>
  <testcase classname="com.qa.opencart.tests.AccountPageTest" name="searchBoxPresent" time="0.067"/>
  <testcase classname="com.qa.opencart.tests.AccountPageTest" name="userLogOutPage" time="0.744"/>
</testsuite> <!-- Open cart Account Page Test -->
