<?xml version="1.0" encoding="UTF-8"?>
<!-- Generated by org.testng.reporters.JUnitXMLReporter -->
<testsuite ignored="0" hostname="Rakesh-Singh" failures="1" tests="13" name="Open cart Login Page Test" time="20.976" errors="0" timestamp="01 Jul 2024 11:09:52 GMT">
  <testcase classname="com.qa.opencart.tests.LoginPageTest" name="verifyEmailAddressFieldIsPresent" time="0.673"/>
  <testcase classname="com.qa.opencart.tests.LoginPageTest" name="verifyFailTest" time="0.06">
    <skipped/>
  </testcase> <!-- verifyFailTest -->
  <testcase classname="com.qa.opencart.tests.LoginPageTest" name="verifyFailTest" time="0.081">
    <skipped/>
  </testcase> <!-- verifyFailTest -->
  <testcase classname="com.qa.opencart.tests.LoginPageTest" name="verifyFailTest" time="0.242">
    <skipped/>
  </testcase> <!-- verifyFailTest -->
  <testcase classname="com.qa.opencart.tests.LoginPageTest" name="verifyFailTest" time="0.254">
    <failure type="java.lang.AssertionError" message="Login page title doesn&amp;apos;t match expected. expected [Opencart] but found [Rakesh]">
      <![CDATA[java.lang.AssertionError: Login page title doesn't match expected. expected [Opencart] but found [Rakesh]
at com.qa.opencart.tests.LoginPageTest.verifyFailTest(LoginPageTest.java:35)
at java.base/java.util.concurrent.FutureTask.run(FutureTask.java:264)
at java.base/java.util.concurrent.ThreadPoolExecutor.runWorker(ThreadPoolExecutor.java:1128)
at java.base/java.util.concurrent.ThreadPoolExecutor$Worker.run(ThreadPoolExecutor.java:628)
at java.base/java.lang.Thread.run(Thread.java:834)
... Removed 21 stack frames]]>
    </failure>
  </testcase> <!-- verifyFailTest -->
  <testcase classname="com.qa.opencart.tests.LoginPageTest" name="verifyLoginLinkIsPresent" time="0.272"/>
  <testcase classname="com.qa.opencart.tests.LoginPageTest" name="verifyLoginPageTitle" time="0.379"/>
  <testcase classname="com.qa.opencart.tests.LoginPageTest" name="verifyLoginPageUrl" time="0.088"/>
  <testcase classname="com.qa.opencart.tests.LoginPageTest" name="verifyPasswordFieldIsPresent" time="0.18"/>
  <testcase classname="com.qa.opencart.tests.LoginPageTest" name="verifyRegisterFieldIsPresent" time="0.093"/>
  <testcase classname="com.qa.opencart.tests.LoginPageTest" name="verifyReturningCustomerTextIsPresent" time="0.216"/>
  <testcase classname="com.qa.opencart.tests.LoginPageTest" name="verifySearchBoxIsPresent" time="0.102"/>
  <testcase classname="com.qa.opencart.tests.LoginPageTest" name="verifySuccessfulLogin" time="1.82"/>
</testsuite> <!-- Open cart Login Page Test -->
