<?xml version="1.0" encoding="UTF-8"?>
<!-- Generated by org.testng.reporters.JUnitXMLReporter -->
<testsuite ignored="0" hostname="Rakesh-Singh" failures="0" tests="4" name="Open cart Register Test" time="45.769" errors="0" timestamp="01 Jul 2024 11:10:17 GMT">
  <testcase classname="com.qa.opencart.tests.RegisterTest" name="userRegisterTest" time="4.604"/>
  <testcase classname="com.qa.opencart.tests.RegisterTest" name="userRegisterTest" time="7.523"/>
  <testcase classname="com.qa.opencart.tests.RegisterTest" name="userRegisterTest" time="6.641"/>
  <testcase classname="com.qa.opencart.tests.RegisterTest" name="userRegisterTest" time="5.576"/>
</testsuite> <!-- Open cart Register Test -->
