<?xml version="1.0" encoding="UTF-8"?>
<!-- Generated by org.testng.reporters.JUnitXMLReporter -->
<testsuite ignored="0" hostname="Rakesh-Singh" failures="0" tests="14" name="Open cart Search Result PageTest" time="56.066" errors="0" timestamp="27 Jun 2024 09:17:56 GMT">
  <testcase classname="com.qa.opencart.tests.SearchResultPageTest" name="ProductDesc" time="6.273"/>
  <testcase classname="com.qa.opencart.tests.SearchResultPageTest" name="doSearch" time="5.486"/>
  <testcase classname="com.qa.opencart.tests.SearchResultPageTest" name="doSearch" time="5.488"/>
  <testcase classname="com.qa.opencart.tests.SearchResultPageTest" name="doSearch" time="5.584"/>
  <testcase classname="com.qa.opencart.tests.SearchResultPageTest" name="doSearch" time="5.482"/>
  <testcase classname="com.qa.opencart.tests.SearchResultPageTest" name="imagesCountTest" time="5.91"/>
  <testcase classname="com.qa.opencart.tests.SearchResultPageTest" name="imagesCountTest" time="5.851"/>
  <testcase classname="com.qa.opencart.tests.SearchResultPageTest" name="imagesCountTest" time="3.388"/>
  <testcase classname="com.qa.opencart.tests.SearchResultPageTest" name="imagesCountTest" time="0.866"/>
  <testcase classname="com.qa.opencart.tests.SearchResultPageTest" name="productDtaTest" time="0.905"/>
  <testcase classname="com.qa.opencart.tests.SearchResultPageTest" name="productInfoTest" time="0.82"/>
  <testcase classname="com.qa.opencart.tests.SearchResultPageTest" name="productInfoTest" time="0.883"/>
  <testcase classname="com.qa.opencart.tests.SearchResultPageTest" name="productInfoTest" time="0.849"/>
  <testcase classname="com.qa.opencart.tests.SearchResultPageTest" name="productInfoTest" time="0.899"/>
</testsuite> <!-- Open cart Search Result PageTest -->
