<?xml version="1.0" encoding="UTF-8"?>
<!-- Generated by org.testng.reporters.JUnitXMLReporter -->
<testsuite ignored="0" hostname="Rakesh-Singh" failures="0" tests="4" name="Open cart Register Test" time="28.602" errors="0" timestamp="27 Jun 2024 09:17:09 GMT">
  <testcase classname="com.qa.opencart.tests.RegisterTest" name="userRegisterTest" time="2.747"/>
  <testcase classname="com.qa.opencart.tests.RegisterTest" name="userRegisterTest" time="2.915"/>
  <testcase classname="com.qa.opencart.tests.RegisterTest" name="userRegisterTest" time="2.598"/>
  <testcase classname="com.qa.opencart.tests.RegisterTest" name="userRegisterTest" time="1.783"/>
</testsuite> <!-- Open cart Register Test -->
