<?xml version="1.0" encoding="UTF-8"?>
<testsuite xmlns:xsi="http://www.w3.org/2001/XMLSchema-instance" xsi:noNamespaceSchemaLocation="https://maven.apache.org/surefire/maven-surefire-plugin/xsd/surefire-test-report-3.0.xsd" version="3.0" name="TestSuite" time="73.107" tests="41" errors="0" skipped="3" failures="1">
  <properties>
[...]
</properties>
  <testcase name="verifyEmailAddressFieldIsPresent" classname="com.qa.opencart.tests.LoginPageTest" time="0.631">
    <system-out><![CDATA[...
... TestNG 6.14.3 by Cédric Beust (cedric@beust.com)
...

Running tests on environement: null
Running tests on environement: null
No env is given....hence running in QA
No env is given....hence running in QA
Running tests on environement: null
No env is given....hence running in QA
 Browser name is :chrome
 Browser name is :chrome
 Browser name is :chrome
]]></system-out>
    <system-err><![CDATA[SLF4J(W): No SLF4J providers were found.
SLF4J(W): Defaulting to no-operation (NOP) logger implementation
SLF4J(W): See https://www.slf4j.org/codes.html#noProviders for further details.
log4j:WARN No appenders could be found for logger (io.netty.util.internal.logging.InternalLoggerFactory).
log4j:WARN Please initialize the log4j system properly.
Jul 01, 2024 4:39:42 PM org.openqa.selenium.devtools.CdpVersionFinder findNearestMatch
WARNING: Unable to find CDP implementation matching 126
Jul 01, 2024 4:39:42 PM org.openqa.selenium.devtools.CdpVersionFinder findNearestMatch
WARNING: Unable to find CDP implementation matching 126
Jul 01, 2024 4:39:42 PM org.openqa.selenium.devtools.CdpVersionFinder findNearestMatch
WARNING: Unable to find CDP implementation matching 126
Jul 01, 2024 4:39:42 PM org.openqa.selenium.chromium.ChromiumDriver lambda$new$5
WARNING: Unable to find version of CDP to use for 126.0.6478.127. You may need to include a dependency on a specific version of the CDP using something similar to `org.seleniumhq.selenium:selenium-devtools-v86:4.11.0` where the version ("v86") matches the version of the chromium-based browser you're using and the version number of the artifact is the same as Selenium's.
Jul 01, 2024 4:39:42 PM org.openqa.selenium.chromium.ChromiumDriver lambda$new$5
WARNING: Unable to find version of CDP to use for 126.0.6478.127. You may need to include a dependency on a specific version of the CDP using something similar to `org.seleniumhq.selenium:selenium-devtools-v86:4.11.0` where the version ("v86") matches the version of the chromium-based browser you're using and the version number of the artifact is the same as Selenium's.
Jul 01, 2024 4:39:42 PM org.openqa.selenium.chromium.ChromiumDriver lambda$new$5
WARNING: Unable to find version of CDP to use for 126.0.6478.127. You may need to include a dependency on a specific version of the CDP using something similar to `org.seleniumhq.selenium:selenium-devtools-v86:4.11.0` where the version ("v86") matches the version of the chromium-based browser you're using and the version number of the artifact is the same as Selenium's.
]]></system-err>
  </testcase>
  <testcase name="verifyFailTest" classname="com.qa.opencart.tests.LoginPageTest" time="0">
    <skipped message="Login page title doesn&apos;t match expected. expected [Opencart] but found [Rakesh]"/>
    <system-out><![CDATA[Login page title is: Account Login
]]></system-out>
  </testcase>
  <testcase name="verifyFailTest" classname="com.qa.opencart.tests.LoginPageTest" time="0">
    <skipped message="Login page title doesn&apos;t match expected. expected [Opencart] but found [Rakesh]"/>
    <system-out><![CDATA[Login page title is: Account Login
]]></system-out>
  </testcase>
  <testcase name="verifyFailTest" classname="com.qa.opencart.tests.LoginPageTest" time="0">
    <skipped message="Login page title doesn&apos;t match expected. expected [Opencart] but found [Rakesh]"/>
    <system-out><![CDATA[Login page title is: Account Login
]]></system-out>
  </testcase>
  <testcase name="verifyFailTest" classname="com.qa.opencart.tests.LoginPageTest" time="0.361">
    <failure message="Login page title doesn&apos;t match expected. expected [Opencart] but found [Rakesh]" type="java.lang.AssertionError"><![CDATA[java.lang.AssertionError: Login page title doesn't match expected. expected [Opencart] but found [Rakesh]
	at org.testng.Assert.fail(Assert.java:96)
	at org.testng.Assert.failNotEquals(Assert.java:776)
	at org.testng.Assert.assertEqualsImpl(Assert.java:137)
	at org.testng.Assert.assertEquals(Assert.java:118)
	at org.testng.Assert.assertEquals(Assert.java:453)
	at com.qa.opencart.tests.LoginPageTest.verifyFailTest(LoginPageTest.java:35)
	at java.base/jdk.internal.reflect.NativeMethodAccessorImpl.invoke0(Native Method)
	at java.base/jdk.internal.reflect.NativeMethodAccessorImpl.invoke(NativeMethodAccessorImpl.java:62)
	at java.base/jdk.internal.reflect.DelegatingMethodAccessorImpl.invoke(DelegatingMethodAccessorImpl.java:43)
	at java.base/java.lang.reflect.Method.invoke(Method.java:566)
	at org.testng.internal.MethodInvocationHelper.invokeMethod(MethodInvocationHelper.java:124)
	at org.testng.internal.Invoker.invokeMethod(Invoker.java:583)
	at org.testng.internal.Invoker.retryFailed(Invoker.java:839)
	at org.testng.internal.Invoker.invokeTestMethods(Invoker.java:1010)
	at org.testng.internal.TestMethodWorker.invokeTestMethods(TestMethodWorker.java:125)
	at org.testng.internal.TestMethodWorker.run(TestMethodWorker.java:109)
	at org.testng.TestRunner.privateRun(TestRunner.java:648)
	at org.testng.TestRunner.run(TestRunner.java:505)
	at org.testng.SuiteRunner.runTest(SuiteRunner.java:455)
	at org.testng.SuiteRunner.access$000(SuiteRunner.java:40)
	at org.testng.SuiteRunner$SuiteWorker.run(SuiteRunner.java:489)
	at org.testng.internal.thread.ThreadUtil$1.call(ThreadUtil.java:52)
	at java.base/java.util.concurrent.FutureTask.run(FutureTask.java:264)
	at java.base/java.util.concurrent.ThreadPoolExecutor.runWorker(ThreadPoolExecutor.java:1128)
	at java.base/java.util.concurrent.ThreadPoolExecutor$Worker.run(ThreadPoolExecutor.java:628)
	at java.base/java.lang.Thread.run(Thread.java:834)
]]></failure>
    <system-out><![CDATA[Login page title is: Account Login
]]></system-out>
  </testcase>
  <testcase name="verifyLoginLinkIsPresent" classname="com.qa.opencart.tests.LoginPageTest" time="0.259"/>
  <testcase name="verifyLoginPageTitle" classname="com.qa.opencart.tests.LoginPageTest" time="0.672">
    <system-out><![CDATA[Login page title is: Account Login
]]></system-out>
  </testcase>
  <testcase name="verifyLoginPageUrl" classname="com.qa.opencart.tests.LoginPageTest" time="0.193">
    <system-out><![CDATA[Current page URL is: https://naveenautomationlabs.com/opencart/index.php?route=account/login
]]></system-out>
  </testcase>
  <testcase name="verifyPasswordFieldIsPresent" classname="com.qa.opencart.tests.LoginPageTest" time="0.133"/>
  <testcase name="verifyRegisterFieldIsPresent" classname="com.qa.opencart.tests.LoginPageTest" time="0.093"/>
  <testcase name="verifyReturningCustomerTextIsPresent" classname="com.qa.opencart.tests.LoginPageTest" time="0.217"/>
  <testcase name="verifySearchBoxIsPresent" classname="com.qa.opencart.tests.LoginPageTest" time="0.103"/>
  <testcase name="verifySuccessfulLogin" classname="com.qa.opencart.tests.LoginPageTest" time="0"/>
  <testcase name="LogoutLinkPresent" classname="com.qa.opencart.tests.AccountPageTest" time="0.428"/>
  <testcase name="accountTitlrTest" classname="com.qa.opencart.tests.AccountPageTest" time="0.182"/>
  <testcase name="addToCartButtonPresent" classname="com.qa.opencart.tests.AccountPageTest" time="0.704"/>
  <testcase name="footerLinkAllList" classname="com.qa.opencart.tests.AccountPageTest" time="0.095">
    <system-out><![CDATA[Actual footer list :[About Us, Delivery Information, Privacy Policy, Terms & Conditions, Contact Us, Returns, Site Map, Brands, Gift Certificates, Affiliate, Specials, My Account, Order History, Wish List, Newsletter]
]]></system-out>
  </testcase>
  <testcase name="getMyAccountPresent" classname="com.qa.opencart.tests.AccountPageTest" time="0.186"/>
  <testcase name="getPageUrlTest" classname="com.qa.opencart.tests.AccountPageTest" time="0.138"/>
  <testcase name="getcontentMainHeaderList" classname="com.qa.opencart.tests.AccountPageTest" time="0.444">
    <system-out><![CDATA[Actual Header list :[My Account, My Orders, My Affiliate Account, Newsletter]
]]></system-out>
  </testcase>
  <testcase name="homePageHeader" classname="com.qa.opencart.tests.AccountPageTest" time="0.472">
    <system-out><![CDATA[Account Page Title: My Account
Page header is :
]]></system-out>
  </testcase>
  <testcase name="searchBoxPresent" classname="com.qa.opencart.tests.AccountPageTest" time="0.107">
    <system-out><![CDATA[Generated Email ID: may2024442@gmail.com
]]></system-out>
  </testcase>
  <testcase name="userLogOutPage" classname="com.qa.opencart.tests.AccountPageTest" time="1.238">
    <system-out><![CDATA[Running tests on environement: null
No env is given....hence running in QA
 Browser name is :chrome
Logout Message is displayed: Account Logout
]]></system-out>
  </testcase>
  <testcase name="userRegisterTest[Rakesh, k, 963256985, Rak@1234, yes](1)" classname="com.qa.opencart.tests.RegisterTest" time="4.482">
    <system-out><![CDATA[Your Account Has Been Created!
]]></system-out>
  </testcase>
  <testcase name="userRegisterTest[nehah, k, 963256985, Rak@1234, yes](2)" classname="com.qa.opencart.tests.RegisterTest" time="7.521">
    <system-out><![CDATA[Generated Email ID: may2024336@gmail.com
Your Account Has Been Created!
]]></system-out>
  </testcase>
  <testcase name="userRegisterTest[Aarush, singh, 963256985, Rak@1234, yes](3)" classname="com.qa.opencart.tests.RegisterTest" time="6.642">
    <system-out><![CDATA[Generated Email ID: may2024894@gmail.com
Your Account Has Been Created!
]]></system-out>
    <system-err><![CDATA[Jul 01, 2024 4:40:08 PM org.openqa.selenium.devtools.CdpVersionFinder findNearestMatch
WARNING: Unable to find CDP implementation matching 126
Jul 01, 2024 4:40:08 PM org.openqa.selenium.chromium.ChromiumDriver lambda$new$5
WARNING: Unable to find version of CDP to use for 126.0.6478.127. You may need to include a dependency on a specific version of the CDP using something similar to `org.seleniumhq.selenium:selenium-devtools-v86:4.11.0` where the version ("v86") matches the version of the chromium-based browser you're using and the version number of the artifact is the same as Selenium's.
]]></system-err>
  </testcase>
  <testcase name="userRegisterTest[Aaruk, singh, 963256985, Rak@1234, yes](4)" classname="com.qa.opencart.tests.RegisterTest" time="2.974">
    <system-out><![CDATA[Generated Email ID: may2024795@gmail.com
Your Account Has Been Created!
]]></system-out>
  </testcase>
  <testcase name="ProductDesc" classname="com.qa.opencart.tests.SearchResultPageTest" time="3.964">
    <system-out><![CDATA[Product descrip :MacBook Air is ultrathin, ultraportable, and ultra unlike anything else. But you don’t lose inches and pounds overnight. It’s the result of rethinking conventions. Of multiple wireless innovations. And of breakthrough design. With MacBook Air, mobile computing suddenly has a new standard.
]]></system-out>
  </testcase>
  <testcase name="doSearch[MacBook](1)" classname="com.qa.opencart.tests.SearchResultPageTest" time="2.481"/>
  <testcase name="doSearch[Imac](2)" classname="com.qa.opencart.tests.SearchResultPageTest" time="1.907"/>
  <testcase name="doSearch[Apple](3)" classname="com.qa.opencart.tests.SearchResultPageTest" time="2.986"/>
  <testcase name="doSearch[samsung](4)" classname="com.qa.opencart.tests.SearchResultPageTest" time="1.457"/>
  <testcase name="imagesCountTest[MacBook, MacBook Pro, 4](1)" classname="com.qa.opencart.tests.SearchResultPageTest" time="2.211"/>
  <testcase name="imagesCountTest[iMac, iMac, 3](2)" classname="com.qa.opencart.tests.SearchResultPageTest" time="1.6"/>
  <testcase name="imagesCountTest[Apple, Apple Cinema 30&quot;, 6](3)" classname="com.qa.opencart.tests.SearchResultPageTest" time="1.575"/>
  <testcase name="imagesCountTest[Samsung, Samsung SyncMaster 941BW, 1](4)" classname="com.qa.opencart.tests.SearchResultPageTest" time="1.513"/>
  <testcase name="productDtaTest" classname="com.qa.opencart.tests.SearchResultPageTest" time="1.958">
    <system-out><![CDATA[Brand:Apple
Availability:Out Of Stock
price:Brand: Apple
name:MacBook Air
Product Code:Product 17
Reward Points:700
exTax:Product Code: Product 17
]]></system-out>
  </testcase>
  <testcase name="productInfoTest[MacBook, MacBook Pro](1)" classname="com.qa.opencart.tests.SearchResultPageTest" time="1.769">
    <system-out><![CDATA[Expected Main Product Name: MacBook Pro
Actual Main Product Name: MacBook Pro
]]></system-out>
  </testcase>
  <testcase name="productInfoTest[iMac, iMac](2)" classname="com.qa.opencart.tests.SearchResultPageTest" time="1.382">
    <system-out><![CDATA[Expected Main Product Name: iMac
Actual Main Product Name: iMac
]]></system-out>
  </testcase>
  <testcase name="productInfoTest[Apple, Apple Cinema 30&quot;](3)" classname="com.qa.opencart.tests.SearchResultPageTest" time="1.331">
    <system-out><![CDATA[Expected Main Product Name: Apple Cinema 30"
Actual Main Product Name: Apple Cinema 30"
]]></system-out>
  </testcase>
  <testcase name="productInfoTest[Samsung, Samsung SyncMaster 941BW](4)" classname="com.qa.opencart.tests.SearchResultPageTest" time="1.179">
    <system-out><![CDATA[Expected Main Product Name: Samsung SyncMaster 941BW
Actual Main Product Name: Samsung SyncMaster 941BW
]]></system-out>
  </testcase>
</testsuite>