<?xml version="1.0" encoding="UTF-8"?>
<testng-results ignored="0" total="41" passed="37" failed="1" skipped="3">
  <reporter-output>
  </reporter-output>
  <suite started-at="2024-07-01T11:09:31Z" name="Open Cart Test Regression Suite" finished-at="2024-07-01T11:10:41Z" duration-ms="70212">
    <groups>
    </groups>
    <test started-at="2024-07-01T11:09:31Z" name="Open cart Login Page Test" finished-at="2024-07-01T11:09:51Z" duration-ms="20976">
      <class name="com.qa.opencart.tests.LoginPageTest">
        <test-method is-config="true" signature="setup()[pri:0, instance:com.qa.opencart.tests.LoginPageTest@6be7bf6d]" started-at="2024-07-01T11:09:31Z" name="setup" finished-at="2024-07-01T11:09:44Z" duration-ms="13560" status="PASS">
          <reporter-output>
          </reporter-output>
        </test-method> <!-- setup -->
        <test-method signature="verifyEmailAddressFieldIsPresent()[pri:0, instance:com.qa.opencart.tests.LoginPageTest@6be7bf6d]" started-at="2024-07-01T11:09:45Z" name="verifyEmailAddressFieldIsPresent" finished-at="2024-07-01T11:09:46Z" duration-ms="673" status="PASS">
          <reporter-output>
          </reporter-output>
        </test-method> <!-- verifyEmailAddressFieldIsPresent -->
        <test-method signature="verifyFailTest()[pri:0, instance:com.qa.opencart.tests.LoginPageTest@6be7bf6d]" started-at="2024-07-01T11:09:46Z" name="verifyFailTest" finished-at="2024-07-01T11:09:46Z" duration-ms="60" status="SKIP">
          <exception class="java.lang.AssertionError">
            <message>
              <![CDATA[Login page title doesn't match expected. expected [Opencart] but found [Rakesh]]]>
            </message>
            <full-stacktrace>
              <![CDATA[java.lang.AssertionError: Login page title doesn't match expected. expected [Opencart] but found [Rakesh]
at org.testng.Assert.fail(Assert.java:96)
at org.testng.Assert.failNotEquals(Assert.java:776)
at org.testng.Assert.assertEqualsImpl(Assert.java:137)
at org.testng.Assert.assertEquals(Assert.java:118)
at org.testng.Assert.assertEquals(Assert.java:453)
at com.qa.opencart.tests.LoginPageTest.verifyFailTest(LoginPageTest.java:35)
at java.base/jdk.internal.reflect.NativeMethodAccessorImpl.invoke0(Native Method)
at java.base/jdk.internal.reflect.NativeMethodAccessorImpl.invoke(NativeMethodAccessorImpl.java:62)
at java.base/jdk.internal.reflect.DelegatingMethodAccessorImpl.invoke(DelegatingMethodAccessorImpl.java:43)
at java.base/java.lang.reflect.Method.invoke(Method.java:566)
at org.testng.internal.MethodInvocationHelper.invokeMethod(MethodInvocationHelper.java:124)
at org.testng.internal.Invoker.invokeMethod(Invoker.java:583)
at org.testng.internal.Invoker.invokeTestMethod(Invoker.java:719)
at org.testng.internal.Invoker.invokeTestMethods(Invoker.java:989)
at org.testng.internal.TestMethodWorker.invokeTestMethods(TestMethodWorker.java:125)
at org.testng.internal.TestMethodWorker.run(TestMethodWorker.java:109)
at org.testng.TestRunner.privateRun(TestRunner.java:648)
at org.testng.TestRunner.run(TestRunner.java:505)
at org.testng.SuiteRunner.runTest(SuiteRunner.java:455)
at org.testng.SuiteRunner.access$000(SuiteRunner.java:40)
at org.testng.SuiteRunner$SuiteWorker.run(SuiteRunner.java:489)
at org.testng.internal.thread.ThreadUtil$1.call(ThreadUtil.java:52)
at java.base/java.util.concurrent.FutureTask.run(FutureTask.java:264)
at java.base/java.util.concurrent.ThreadPoolExecutor.runWorker(ThreadPoolExecutor.java:1128)
at java.base/java.util.concurrent.ThreadPoolExecutor$Worker.run(ThreadPoolExecutor.java:628)
at java.base/java.lang.Thread.run(Thread.java:834)
]]>
            </full-stacktrace>
          </exception> <!-- java.lang.AssertionError -->
          <reporter-output>
          </reporter-output>
        </test-method> <!-- verifyFailTest -->
        <test-method signature="verifyFailTest()[pri:0, instance:com.qa.opencart.tests.LoginPageTest@6be7bf6d]" started-at="2024-07-01T11:09:46Z" name="verifyFailTest" finished-at="2024-07-01T11:09:46Z" duration-ms="81" status="SKIP">
          <exception class="java.lang.AssertionError">
            <message>
              <![CDATA[Login page title doesn't match expected. expected [Opencart] but found [Rakesh]]]>
            </message>
            <full-stacktrace>
              <![CDATA[java.lang.AssertionError: Login page title doesn't match expected. expected [Opencart] but found [Rakesh]
at org.testng.Assert.fail(Assert.java:96)
at org.testng.Assert.failNotEquals(Assert.java:776)
at org.testng.Assert.assertEqualsImpl(Assert.java:137)
at org.testng.Assert.assertEquals(Assert.java:118)
at org.testng.Assert.assertEquals(Assert.java:453)
at com.qa.opencart.tests.LoginPageTest.verifyFailTest(LoginPageTest.java:35)
at java.base/jdk.internal.reflect.NativeMethodAccessorImpl.invoke0(Native Method)
at java.base/jdk.internal.reflect.NativeMethodAccessorImpl.invoke(NativeMethodAccessorImpl.java:62)
at java.base/jdk.internal.reflect.DelegatingMethodAccessorImpl.invoke(DelegatingMethodAccessorImpl.java:43)
at java.base/java.lang.reflect.Method.invoke(Method.java:566)
at org.testng.internal.MethodInvocationHelper.invokeMethod(MethodInvocationHelper.java:124)
at org.testng.internal.Invoker.invokeMethod(Invoker.java:583)
at org.testng.internal.Invoker.retryFailed(Invoker.java:839)
at org.testng.internal.Invoker.invokeTestMethods(Invoker.java:1010)
at org.testng.internal.TestMethodWorker.invokeTestMethods(TestMethodWorker.java:125)
at org.testng.internal.TestMethodWorker.run(TestMethodWorker.java:109)
at org.testng.TestRunner.privateRun(TestRunner.java:648)
at org.testng.TestRunner.run(TestRunner.java:505)
at org.testng.SuiteRunner.runTest(SuiteRunner.java:455)
at org.testng.SuiteRunner.access$000(SuiteRunner.java:40)
at org.testng.SuiteRunner$SuiteWorker.run(SuiteRunner.java:489)
at org.testng.internal.thread.ThreadUtil$1.call(ThreadUtil.java:52)
at java.base/java.util.concurrent.FutureTask.run(FutureTask.java:264)
at java.base/java.util.concurrent.ThreadPoolExecutor.runWorker(ThreadPoolExecutor.java:1128)
at java.base/java.util.concurrent.ThreadPoolExecutor$Worker.run(ThreadPoolExecutor.java:628)
at java.base/java.lang.Thread.run(Thread.java:834)
]]>
            </full-stacktrace>
          </exception> <!-- java.lang.AssertionError -->
          <reporter-output>
          </reporter-output>
        </test-method> <!-- verifyFailTest -->
        <test-method signature="verifyFailTest()[pri:0, instance:com.qa.opencart.tests.LoginPageTest@6be7bf6d]" started-at="2024-07-01T11:09:46Z" name="verifyFailTest" finished-at="2024-07-01T11:09:47Z" duration-ms="242" status="SKIP">
          <exception class="java.lang.AssertionError">
            <message>
              <![CDATA[Login page title doesn't match expected. expected [Opencart] but found [Rakesh]]]>
            </message>
            <full-stacktrace>
              <![CDATA[java.lang.AssertionError: Login page title doesn't match expected. expected [Opencart] but found [Rakesh]
at org.testng.Assert.fail(Assert.java:96)
at org.testng.Assert.failNotEquals(Assert.java:776)
at org.testng.Assert.assertEqualsImpl(Assert.java:137)
at org.testng.Assert.assertEquals(Assert.java:118)
at org.testng.Assert.assertEquals(Assert.java:453)
at com.qa.opencart.tests.LoginPageTest.verifyFailTest(LoginPageTest.java:35)
at java.base/jdk.internal.reflect.NativeMethodAccessorImpl.invoke0(Native Method)
at java.base/jdk.internal.reflect.NativeMethodAccessorImpl.invoke(NativeMethodAccessorImpl.java:62)
at java.base/jdk.internal.reflect.DelegatingMethodAccessorImpl.invoke(DelegatingMethodAccessorImpl.java:43)
at java.base/java.lang.reflect.Method.invoke(Method.java:566)
at org.testng.internal.MethodInvocationHelper.invokeMethod(MethodInvocationHelper.java:124)
at org.testng.internal.Invoker.invokeMethod(Invoker.java:583)
at org.testng.internal.Invoker.retryFailed(Invoker.java:839)
at org.testng.internal.Invoker.invokeTestMethods(Invoker.java:1010)
at org.testng.internal.TestMethodWorker.invokeTestMethods(TestMethodWorker.java:125)
at org.testng.internal.TestMethodWorker.run(TestMethodWorker.java:109)
at org.testng.TestRunner.privateRun(TestRunner.java:648)
at org.testng.TestRunner.run(TestRunner.java:505)
at org.testng.SuiteRunner.runTest(SuiteRunner.java:455)
at org.testng.SuiteRunner.access$000(SuiteRunner.java:40)
at org.testng.SuiteRunner$SuiteWorker.run(SuiteRunner.java:489)
at org.testng.internal.thread.ThreadUtil$1.call(ThreadUtil.java:52)
at java.base/java.util.concurrent.FutureTask.run(FutureTask.java:264)
at java.base/java.util.concurrent.ThreadPoolExecutor.runWorker(ThreadPoolExecutor.java:1128)
at java.base/java.util.concurrent.ThreadPoolExecutor$Worker.run(ThreadPoolExecutor.java:628)
at java.base/java.lang.Thread.run(Thread.java:834)
]]>
            </full-stacktrace>
          </exception> <!-- java.lang.AssertionError -->
          <reporter-output>
          </reporter-output>
        </test-method> <!-- verifyFailTest -->
        <test-method signature="verifyFailTest()[pri:0, instance:com.qa.opencart.tests.LoginPageTest@6be7bf6d]" started-at="2024-07-01T11:09:47Z" name="verifyFailTest" finished-at="2024-07-01T11:09:47Z" duration-ms="254" status="FAIL">
          <exception class="java.lang.AssertionError">
            <message>
              <![CDATA[Login page title doesn't match expected. expected [Opencart] but found [Rakesh]]]>
            </message>
            <full-stacktrace>
              <![CDATA[java.lang.AssertionError: Login page title doesn't match expected. expected [Opencart] but found [Rakesh]
at org.testng.Assert.fail(Assert.java:96)
at org.testng.Assert.failNotEquals(Assert.java:776)
at org.testng.Assert.assertEqualsImpl(Assert.java:137)
at org.testng.Assert.assertEquals(Assert.java:118)
at org.testng.Assert.assertEquals(Assert.java:453)
at com.qa.opencart.tests.LoginPageTest.verifyFailTest(LoginPageTest.java:35)
at java.base/jdk.internal.reflect.NativeMethodAccessorImpl.invoke0(Native Method)
at java.base/jdk.internal.reflect.NativeMethodAccessorImpl.invoke(NativeMethodAccessorImpl.java:62)
at java.base/jdk.internal.reflect.DelegatingMethodAccessorImpl.invoke(DelegatingMethodAccessorImpl.java:43)
at java.base/java.lang.reflect.Method.invoke(Method.java:566)
at org.testng.internal.MethodInvocationHelper.invokeMethod(MethodInvocationHelper.java:124)
at org.testng.internal.Invoker.invokeMethod(Invoker.java:583)
at org.testng.internal.Invoker.retryFailed(Invoker.java:839)
at org.testng.internal.Invoker.invokeTestMethods(Invoker.java:1010)
at org.testng.internal.TestMethodWorker.invokeTestMethods(TestMethodWorker.java:125)
at org.testng.internal.TestMethodWorker.run(TestMethodWorker.java:109)
at org.testng.TestRunner.privateRun(TestRunner.java:648)
at org.testng.TestRunner.run(TestRunner.java:505)
at org.testng.SuiteRunner.runTest(SuiteRunner.java:455)
at org.testng.SuiteRunner.access$000(SuiteRunner.java:40)
at org.testng.SuiteRunner$SuiteWorker.run(SuiteRunner.java:489)
at org.testng.internal.thread.ThreadUtil$1.call(ThreadUtil.java:52)
at java.base/java.util.concurrent.FutureTask.run(FutureTask.java:264)
at java.base/java.util.concurrent.ThreadPoolExecutor.runWorker(ThreadPoolExecutor.java:1128)
at java.base/java.util.concurrent.ThreadPoolExecutor$Worker.run(ThreadPoolExecutor.java:628)
at java.base/java.lang.Thread.run(Thread.java:834)
]]>
            </full-stacktrace>
          </exception> <!-- java.lang.AssertionError -->
          <reporter-output>
          </reporter-output>
        </test-method> <!-- verifyFailTest -->
        <test-method signature="verifyLoginLinkIsPresent()[pri:0, instance:com.qa.opencart.tests.LoginPageTest@6be7bf6d]" started-at="2024-07-01T11:09:47Z" name="verifyLoginLinkIsPresent" finished-at="2024-07-01T11:09:47Z" duration-ms="272" status="PASS">
          <reporter-output>
          </reporter-output>
        </test-method> <!-- verifyLoginLinkIsPresent -->
        <test-method signature="verifyLoginPageTitle()[pri:0, instance:com.qa.opencart.tests.LoginPageTest@6be7bf6d]" started-at="2024-07-01T11:09:47Z" name="verifyLoginPageTitle" finished-at="2024-07-01T11:09:48Z" duration-ms="379" status="PASS">
          <reporter-output>
          </reporter-output>
        </test-method> <!-- verifyLoginPageTitle -->
        <test-method signature="verifyLoginPageUrl()[pri:0, instance:com.qa.opencart.tests.LoginPageTest@6be7bf6d]" started-at="2024-07-01T11:09:48Z" name="verifyLoginPageUrl" finished-at="2024-07-01T11:09:48Z" duration-ms="88" status="PASS">
          <reporter-output>
          </reporter-output>
        </test-method> <!-- verifyLoginPageUrl -->
        <test-method signature="verifyPasswordFieldIsPresent()[pri:0, instance:com.qa.opencart.tests.LoginPageTest@6be7bf6d]" started-at="2024-07-01T11:09:48Z" name="verifyPasswordFieldIsPresent" finished-at="2024-07-01T11:09:49Z" duration-ms="180" status="PASS">
          <reporter-output>
          </reporter-output>
        </test-method> <!-- verifyPasswordFieldIsPresent -->
        <test-method signature="verifyRegisterFieldIsPresent()[pri:0, instance:com.qa.opencart.tests.LoginPageTest@6be7bf6d]" started-at="2024-07-01T11:09:49Z" name="verifyRegisterFieldIsPresent" finished-at="2024-07-01T11:09:49Z" duration-ms="93" status="PASS">
          <reporter-output>
          </reporter-output>
        </test-method> <!-- verifyRegisterFieldIsPresent -->
        <test-method signature="verifyReturningCustomerTextIsPresent()[pri:0, instance:com.qa.opencart.tests.LoginPageTest@6be7bf6d]" started-at="2024-07-01T11:09:49Z" name="verifyReturningCustomerTextIsPresent" finished-at="2024-07-01T11:09:49Z" duration-ms="216" status="PASS">
          <reporter-output>
          </reporter-output>
        </test-method> <!-- verifyReturningCustomerTextIsPresent -->
        <test-method signature="verifySearchBoxIsPresent()[pri:0, instance:com.qa.opencart.tests.LoginPageTest@6be7bf6d]" started-at="2024-07-01T11:09:49Z" name="verifySearchBoxIsPresent" finished-at="2024-07-01T11:09:49Z" duration-ms="102" status="PASS">
          <reporter-output>
          </reporter-output>
        </test-method> <!-- verifySearchBoxIsPresent -->
        <test-method signature="verifySuccessfulLogin()[pri:0, instance:com.qa.opencart.tests.LoginPageTest@6be7bf6d]" started-at="2024-07-01T11:09:50Z" name="verifySuccessfulLogin" finished-at="2024-07-01T11:09:51Z" duration-ms="1820" status="PASS">
          <reporter-output>
          </reporter-output>
        </test-method> <!-- verifySuccessfulLogin -->
      </class> <!-- com.qa.opencart.tests.LoginPageTest -->
    </test> <!-- Open cart Login Page Test -->
    <test started-at="2024-07-01T11:09:31Z" name="Open cart Account Page Test" finished-at="2024-07-01T11:09:53Z" duration-ms="22462">
      <class name="com.qa.opencart.tests.AccountPageTest">
        <test-method is-config="true" signature="setup()[pri:0, instance:com.qa.opencart.tests.AccountPageTest@dab48d3]" started-at="2024-07-01T11:09:31Z" name="setup" finished-at="2024-07-01T11:09:44Z" duration-ms="13749" status="PASS">
          <reporter-output>
          </reporter-output>
        </test-method> <!-- setup -->
        <test-method is-config="true" signature="accountSetup()[pri:0, instance:com.qa.opencart.tests.AccountPageTest@dab48d3]" started-at="2024-07-01T11:09:44Z" name="accountSetup" finished-at="2024-07-01T11:09:47Z" duration-ms="2230" status="PASS">
          <reporter-output>
          </reporter-output>
        </test-method> <!-- accountSetup -->
        <test-method signature="LogoutLinkPresent()[pri:0, instance:com.qa.opencart.tests.AccountPageTest@dab48d3]" started-at="2024-07-01T11:09:47Z" name="LogoutLinkPresent" finished-at="2024-07-01T11:09:47Z" duration-ms="470" status="PASS">
          <reporter-output>
          </reporter-output>
        </test-method> <!-- LogoutLinkPresent -->
        <test-method signature="accountTitlrTest()[pri:0, instance:com.qa.opencart.tests.AccountPageTest@dab48d3]" started-at="2024-07-01T11:09:47Z" name="accountTitlrTest" finished-at="2024-07-01T11:09:47Z" duration-ms="184" status="PASS">
          <reporter-output>
          </reporter-output>
        </test-method> <!-- accountTitlrTest -->
        <test-method signature="addToCartButtonPresent()[pri:0, instance:com.qa.opencart.tests.AccountPageTest@dab48d3]" started-at="2024-07-01T11:09:47Z" name="addToCartButtonPresent" finished-at="2024-07-01T11:09:48Z" duration-ms="441" status="PASS">
          <reporter-output>
          </reporter-output>
        </test-method> <!-- addToCartButtonPresent -->
        <test-method signature="footerLinkAllList()[pri:0, instance:com.qa.opencart.tests.AccountPageTest@dab48d3]" started-at="2024-07-01T11:09:48Z" name="footerLinkAllList" finished-at="2024-07-01T11:09:50Z" duration-ms="1541" status="PASS">
          <reporter-output>
          </reporter-output>
        </test-method> <!-- footerLinkAllList -->
        <test-method signature="getMyAccountPresent()[pri:0, instance:com.qa.opencart.tests.AccountPageTest@dab48d3]" started-at="2024-07-01T11:09:50Z" name="getMyAccountPresent" finished-at="2024-07-01T11:09:50Z" duration-ms="219" status="PASS">
          <reporter-output>
          </reporter-output>
        </test-method> <!-- getMyAccountPresent -->
        <test-method signature="getPageUrlTest()[pri:0, instance:com.qa.opencart.tests.AccountPageTest@dab48d3]" started-at="2024-07-01T11:09:50Z" name="getPageUrlTest" finished-at="2024-07-01T11:09:50Z" duration-ms="138" status="PASS">
          <reporter-output>
          </reporter-output>
        </test-method> <!-- getPageUrlTest -->
        <test-method signature="getcontentMainHeaderList()[pri:0, instance:com.qa.opencart.tests.AccountPageTest@dab48d3]" started-at="2024-07-01T11:09:50Z" name="getcontentMainHeaderList" finished-at="2024-07-01T11:09:51Z" duration-ms="423" status="PASS">
          <reporter-output>
          </reporter-output>
        </test-method> <!-- getcontentMainHeaderList -->
        <test-method signature="homePageHeader()[pri:0, instance:com.qa.opencart.tests.AccountPageTest@dab48d3]" started-at="2024-07-01T11:09:51Z" name="homePageHeader" finished-at="2024-07-01T11:09:51Z" duration-ms="409" status="PASS">
          <reporter-output>
          </reporter-output>
        </test-method> <!-- homePageHeader -->
        <test-method signature="searchBoxPresent()[pri:0, instance:com.qa.opencart.tests.AccountPageTest@dab48d3]" started-at="2024-07-01T11:09:51Z" name="searchBoxPresent" finished-at="2024-07-01T11:09:52Z" duration-ms="247" status="PASS">
          <reporter-output>
          </reporter-output>
        </test-method> <!-- searchBoxPresent -->
        <test-method signature="userLogOutPage()[pri:0, instance:com.qa.opencart.tests.AccountPageTest@dab48d3]" started-at="2024-07-01T11:09:52Z" name="userLogOutPage" finished-at="2024-07-01T11:09:53Z" duration-ms="1237" status="PASS">
          <reporter-output>
          </reporter-output>
        </test-method> <!-- userLogOutPage -->
      </class> <!-- com.qa.opencart.tests.AccountPageTest -->
    </test> <!-- Open cart Account Page Test -->
    <test started-at="2024-07-01T11:09:31Z" name="Open cart Register Test" finished-at="2024-07-01T11:10:16Z" duration-ms="45769">
      <class name="com.qa.opencart.tests.RegisterTest">
        <test-method is-config="true" signature="setup()[pri:0, instance:com.qa.opencart.tests.RegisterTest@771d1ffb]" started-at="2024-07-01T11:09:31Z" name="setup" finished-at="2024-07-01T11:09:44Z" duration-ms="13560" status="PASS">
          <reporter-output>
          </reporter-output>
        </test-method> <!-- setup -->
        <test-method is-config="true" signature="regSetup()[pri:0, instance:com.qa.opencart.tests.RegisterTest@771d1ffb]" started-at="2024-07-01T11:09:44Z" name="regSetup" finished-at="2024-07-01T11:09:46Z" duration-ms="1212" status="PASS">
          <reporter-output>
          </reporter-output>
        </test-method> <!-- regSetup -->
        <test-method signature="userRegisterTest(java.lang.String, java.lang.String, java.lang.String, java.lang.String, java.lang.String)[pri:0, instance:com.qa.opencart.tests.RegisterTest@771d1ffb]" started-at="2024-07-01T11:09:52Z" name="userRegisterTest" data-provider="getRegisterTestData" finished-at="2024-07-01T11:09:56Z" duration-ms="4604" status="PASS">
          <params>
            <param index="0">
              <value>
                <![CDATA[Rakesh]]>
              </value>
            </param>
            <param index="1">
              <value>
                <![CDATA[k]]>
              </value>
            </param>
            <param index="2">
              <value>
                <![CDATA[963256985]]>
              </value>
            </param>
            <param index="3">
              <value>
                <![CDATA[Rak@1234]]>
              </value>
            </param>
            <param index="4">
              <value>
                <![CDATA[yes]]>
              </value>
            </param>
          </params>
          <reporter-output>
          </reporter-output>
        </test-method> <!-- userRegisterTest -->
        <test-method signature="userRegisterTest(java.lang.String, java.lang.String, java.lang.String, java.lang.String, java.lang.String)[pri:0, instance:com.qa.opencart.tests.RegisterTest@771d1ffb]" started-at="2024-07-01T11:09:56Z" name="userRegisterTest" data-provider="getRegisterTestData" finished-at="2024-07-01T11:10:04Z" duration-ms="7523" status="PASS">
          <params>
            <param index="0">
              <value>
                <![CDATA[nehah]]>
              </value>
            </param>
            <param index="1">
              <value>
                <![CDATA[k]]>
              </value>
            </param>
            <param index="2">
              <value>
                <![CDATA[963256985]]>
              </value>
            </param>
            <param index="3">
              <value>
                <![CDATA[Rak@1234]]>
              </value>
            </param>
            <param index="4">
              <value>
                <![CDATA[yes]]>
              </value>
            </param>
          </params>
          <reporter-output>
          </reporter-output>
        </test-method> <!-- userRegisterTest -->
        <test-method signature="userRegisterTest(java.lang.String, java.lang.String, java.lang.String, java.lang.String, java.lang.String)[pri:0, instance:com.qa.opencart.tests.RegisterTest@771d1ffb]" started-at="2024-07-01T11:10:04Z" name="userRegisterTest" data-provider="getRegisterTestData" finished-at="2024-07-01T11:10:10Z" duration-ms="6641" status="PASS">
          <params>
            <param index="0">
              <value>
                <![CDATA[Aarush]]>
              </value>
            </param>
            <param index="1">
              <value>
                <![CDATA[singh]]>
              </value>
            </param>
            <param index="2">
              <value>
                <![CDATA[963256985]]>
              </value>
            </param>
            <param index="3">
              <value>
                <![CDATA[Rak@1234]]>
              </value>
            </param>
            <param index="4">
              <value>
                <![CDATA[yes]]>
              </value>
            </param>
          </params>
          <reporter-output>
          </reporter-output>
        </test-method> <!-- userRegisterTest -->
        <test-method signature="userRegisterTest(java.lang.String, java.lang.String, java.lang.String, java.lang.String, java.lang.String)[pri:0, instance:com.qa.opencart.tests.RegisterTest@771d1ffb]" started-at="2024-07-01T11:10:10Z" name="userRegisterTest" data-provider="getRegisterTestData" finished-at="2024-07-01T11:10:16Z" duration-ms="5576" status="PASS">
          <params>
            <param index="0">
              <value>
                <![CDATA[Aaruk]]>
              </value>
            </param>
            <param index="1">
              <value>
                <![CDATA[singh]]>
              </value>
            </param>
            <param index="2">
              <value>
                <![CDATA[963256985]]>
              </value>
            </param>
            <param index="3">
              <value>
                <![CDATA[Rak@1234]]>
              </value>
            </param>
            <param index="4">
              <value>
                <![CDATA[yes]]>
              </value>
            </param>
          </params>
          <reporter-output>
          </reporter-output>
        </test-method> <!-- userRegisterTest -->
      </class> <!-- com.qa.opencart.tests.RegisterTest -->
    </test> <!-- Open cart Register Test -->
    <test started-at="2024-07-01T11:09:52Z" name="Open cart Search Result PageTest" finished-at="2024-07-01T11:10:41Z" duration-ms="48982">
      <class name="com.qa.opencart.tests.SearchResultPageTest">
        <test-method is-config="true" signature="setup()[pri:0, instance:com.qa.opencart.tests.SearchResultPageTest@a33b4e3]" started-at="2024-07-01T11:09:52Z" name="setup" finished-at="2024-07-01T11:10:13Z" duration-ms="21318" status="PASS">
          <reporter-output>
          </reporter-output>
        </test-method> <!-- setup -->
        <test-method signature="ProductDesc()[pri:0, instance:com.qa.opencart.tests.SearchResultPageTest@a33b4e3]" started-at="2024-07-01T11:10:13Z" name="ProductDesc" finished-at="2024-07-01T11:10:17Z" duration-ms="3786" status="PASS">
          <reporter-output>
          </reporter-output>
        </test-method> <!-- ProductDesc -->
        <test-method signature="doSearch(java.lang.String)[pri:0, instance:com.qa.opencart.tests.SearchResultPageTest@a33b4e3]" started-at="2024-07-01T11:10:17Z" name="doSearch" data-provider="getProductName" finished-at="2024-07-01T11:10:20Z" duration-ms="2623" status="PASS">
          <params>
            <param index="0">
              <value>
                <![CDATA[MacBook]]>
              </value>
            </param>
          </params>
          <reporter-output>
          </reporter-output>
        </test-method> <!-- doSearch -->
        <test-method signature="doSearch(java.lang.String)[pri:0, instance:com.qa.opencart.tests.SearchResultPageTest@a33b4e3]" started-at="2024-07-01T11:10:20Z" name="doSearch" data-provider="getProductName" finished-at="2024-07-01T11:10:22Z" duration-ms="1907" status="PASS">
          <params>
            <param index="0">
              <value>
                <![CDATA[Imac]]>
              </value>
            </param>
          </params>
          <reporter-output>
          </reporter-output>
        </test-method> <!-- doSearch -->
        <test-method signature="doSearch(java.lang.String)[pri:0, instance:com.qa.opencart.tests.SearchResultPageTest@a33b4e3]" started-at="2024-07-01T11:10:22Z" name="doSearch" data-provider="getProductName" finished-at="2024-07-01T11:10:25Z" duration-ms="2985" status="PASS">
          <params>
            <param index="0">
              <value>
                <![CDATA[Apple]]>
              </value>
            </param>
          </params>
          <reporter-output>
          </reporter-output>
        </test-method> <!-- doSearch -->
        <test-method signature="doSearch(java.lang.String)[pri:0, instance:com.qa.opencart.tests.SearchResultPageTest@a33b4e3]" started-at="2024-07-01T11:10:25Z" name="doSearch" data-provider="getProductName" finished-at="2024-07-01T11:10:26Z" duration-ms="1458" status="PASS">
          <params>
            <param index="0">
              <value>
                <![CDATA[samsung]]>
              </value>
            </param>
          </params>
          <reporter-output>
          </reporter-output>
        </test-method> <!-- doSearch -->
        <test-method signature="imagesCountTest(java.lang.String, java.lang.String, int)[pri:0, instance:com.qa.opencart.tests.SearchResultPageTest@a33b4e3]" started-at="2024-07-01T11:10:26Z" name="imagesCountTest" data-provider="getProductImagesName" finished-at="2024-07-01T11:10:28Z" duration-ms="2210" status="PASS">
          <params>
            <param index="0">
              <value>
                <![CDATA[MacBook]]>
              </value>
            </param>
            <param index="1">
              <value>
                <![CDATA[MacBook Pro]]>
              </value>
            </param>
            <param index="2">
              <value>
                <![CDATA[4]]>
              </value>
            </param>
          </params>
          <reporter-output>
          </reporter-output>
        </test-method> <!-- imagesCountTest -->
        <test-method signature="imagesCountTest(java.lang.String, java.lang.String, int)[pri:0, instance:com.qa.opencart.tests.SearchResultPageTest@a33b4e3]" started-at="2024-07-01T11:10:28Z" name="imagesCountTest" data-provider="getProductImagesName" finished-at="2024-07-01T11:10:30Z" duration-ms="1599" status="PASS">
          <params>
            <param index="0">
              <value>
                <![CDATA[iMac]]>
              </value>
            </param>
            <param index="1">
              <value>
                <![CDATA[iMac]]>
              </value>
            </param>
            <param index="2">
              <value>
                <![CDATA[3]]>
              </value>
            </param>
          </params>
          <reporter-output>
          </reporter-output>
        </test-method> <!-- imagesCountTest -->
        <test-method signature="imagesCountTest(java.lang.String, java.lang.String, int)[pri:0, instance:com.qa.opencart.tests.SearchResultPageTest@a33b4e3]" started-at="2024-07-01T11:10:30Z" name="imagesCountTest" data-provider="getProductImagesName" finished-at="2024-07-01T11:10:31Z" duration-ms="1574" status="PASS">
          <params>
            <param index="0">
              <value>
                <![CDATA[Apple]]>
              </value>
            </param>
            <param index="1">
              <value>
                <![CDATA[Apple Cinema 30"]]>
              </value>
            </param>
            <param index="2">
              <value>
                <![CDATA[6]]>
              </value>
            </param>
          </params>
          <reporter-output>
          </reporter-output>
        </test-method> <!-- imagesCountTest -->
        <test-method signature="imagesCountTest(java.lang.String, java.lang.String, int)[pri:0, instance:com.qa.opencart.tests.SearchResultPageTest@a33b4e3]" started-at="2024-07-01T11:10:32Z" name="imagesCountTest" data-provider="getProductImagesName" finished-at="2024-07-01T11:10:33Z" duration-ms="1519" status="PASS">
          <params>
            <param index="0">
              <value>
                <![CDATA[Samsung]]>
              </value>
            </param>
            <param index="1">
              <value>
                <![CDATA[Samsung SyncMaster 941BW]]>
              </value>
            </param>
            <param index="2">
              <value>
                <![CDATA[1]]>
              </value>
            </param>
          </params>
          <reporter-output>
          </reporter-output>
        </test-method> <!-- imagesCountTest -->
        <test-method signature="productDtaTest()[pri:0, instance:com.qa.opencart.tests.SearchResultPageTest@a33b4e3]" started-at="2024-07-01T11:10:33Z" name="productDtaTest" finished-at="2024-07-01T11:10:35Z" duration-ms="1936" status="PASS">
          <reporter-output>
          </reporter-output>
        </test-method> <!-- productDtaTest -->
        <test-method signature="productInfoTest(java.lang.String, java.lang.String)[pri:0, instance:com.qa.opencart.tests.SearchResultPageTest@a33b4e3]" started-at="2024-07-01T11:10:35Z" name="productInfoTest" data-provider="getMainProductName" finished-at="2024-07-01T11:10:37Z" duration-ms="1770" status="PASS">
          <params>
            <param index="0">
              <value>
                <![CDATA[MacBook]]>
              </value>
            </param>
            <param index="1">
              <value>
                <![CDATA[MacBook Pro]]>
              </value>
            </param>
          </params>
          <reporter-output>
          </reporter-output>
        </test-method> <!-- productInfoTest -->
        <test-method signature="productInfoTest(java.lang.String, java.lang.String)[pri:0, instance:com.qa.opencart.tests.SearchResultPageTest@a33b4e3]" started-at="2024-07-01T11:10:37Z" name="productInfoTest" data-provider="getMainProductName" finished-at="2024-07-01T11:10:38Z" duration-ms="1366" status="PASS">
          <params>
            <param index="0">
              <value>
                <![CDATA[iMac]]>
              </value>
            </param>
            <param index="1">
              <value>
                <![CDATA[iMac]]>
              </value>
            </param>
          </params>
          <reporter-output>
          </reporter-output>
        </test-method> <!-- productInfoTest -->
        <test-method signature="productInfoTest(java.lang.String, java.lang.String)[pri:0, instance:com.qa.opencart.tests.SearchResultPageTest@a33b4e3]" started-at="2024-07-01T11:10:38Z" name="productInfoTest" data-provider="getMainProductName" finished-at="2024-07-01T11:10:40Z" duration-ms="1329" status="PASS">
          <params>
            <param index="0">
              <value>
                <![CDATA[Apple]]>
              </value>
            </param>
            <param index="1">
              <value>
                <![CDATA[Apple Cinema 30"]]>
              </value>
            </param>
          </params>
          <reporter-output>
          </reporter-output>
        </test-method> <!-- productInfoTest -->
        <test-method signature="productInfoTest(java.lang.String, java.lang.String)[pri:0, instance:com.qa.opencart.tests.SearchResultPageTest@a33b4e3]" started-at="2024-07-01T11:10:40Z" name="productInfoTest" data-provider="getMainProductName" finished-at="2024-07-01T11:10:41Z" duration-ms="1172" status="PASS">
          <params>
            <param index="0">
              <value>
                <![CDATA[Samsung]]>
              </value>
            </param>
            <param index="1">
              <value>
                <![CDATA[Samsung SyncMaster 941BW]]>
              </value>
            </param>
          </params>
          <reporter-output>
          </reporter-output>
        </test-method> <!-- productInfoTest -->
      </class> <!-- com.qa.opencart.tests.SearchResultPageTest -->
    </test> <!-- Open cart Search Result PageTest -->
  </suite> <!-- Open Cart Test Regression Suite -->
</testng-results>
