<?xml version="1.0" encoding="UTF-8"?>
<testng-results ignored="0" total="41" passed="37" failed="1" skipped="3">
  <reporter-output>
  </reporter-output>
  <suite started-at="2024-06-27T09:02:40Z" name="Open Cart Test Regression Suite" finished-at="2024-06-27T09:03:37Z" duration-ms="56453">
    <groups>
    </groups>
    <test started-at="2024-06-27T09:02:40Z" name="Open cart Login Page Test" finished-at="2024-06-27T09:02:57Z" duration-ms="16891">
      <class name="com.qa.opencart.tests.LoginPageTest">
        <test-method is-config="true" signature="setup()[pri:0, instance:com.qa.opencart.tests.LoginPageTest@396e6d9]" started-at="2024-06-27T09:02:40Z" name="setup" finished-at="2024-06-27T09:02:51Z" duration-ms="11018" status="PASS">
          <reporter-output>
          </reporter-output>
        </test-method> <!-- setup -->
        <test-method signature="verifyEmailAddressFieldIsPresent()[pri:0, instance:com.qa.opencart.tests.LoginPageTest@396e6d9]" started-at="2024-06-27T09:02:51Z" name="verifyEmailAddressFieldIsPresent" finished-at="2024-06-27T09:02:53Z" duration-ms="1305" status="PASS">
          <reporter-output>
          </reporter-output>
        </test-method> <!-- verifyEmailAddressFieldIsPresent -->
        <test-method signature="verifyFailTest()[pri:0, instance:com.qa.opencart.tests.LoginPageTest@396e6d9]" started-at="2024-06-27T09:02:53Z" name="verifyFailTest" finished-at="2024-06-27T09:02:53Z" duration-ms="42" status="SKIP">
          <exception class="java.lang.AssertionError">
            <message>
              <![CDATA[Login page title doesn't match expected. expected [Opencart] but found [Rakesh]]]>
            </message>
            <full-stacktrace>
              <![CDATA[java.lang.AssertionError: Login page title doesn't match expected. expected [Opencart] but found [Rakesh]
at org.testng.Assert.fail(Assert.java:96)
at org.testng.Assert.failNotEquals(Assert.java:776)
at org.testng.Assert.assertEqualsImpl(Assert.java:137)
at org.testng.Assert.assertEquals(Assert.java:118)
at org.testng.Assert.assertEquals(Assert.java:453)
at com.qa.opencart.tests.LoginPageTest.verifyFailTest(LoginPageTest.java:35)
at java.base/jdk.internal.reflect.NativeMethodAccessorImpl.invoke0(Native Method)
at java.base/jdk.internal.reflect.NativeMethodAccessorImpl.invoke(NativeMethodAccessorImpl.java:77)
at java.base/jdk.internal.reflect.DelegatingMethodAccessorImpl.invoke(DelegatingMethodAccessorImpl.java:43)
at java.base/java.lang.reflect.Method.invoke(Method.java:568)
at org.testng.internal.MethodInvocationHelper.invokeMethod(MethodInvocationHelper.java:124)
at org.testng.internal.Invoker.invokeMethod(Invoker.java:583)
at org.testng.internal.Invoker.invokeTestMethod(Invoker.java:719)
at org.testng.internal.Invoker.invokeTestMethods(Invoker.java:989)
at org.testng.internal.TestMethodWorker.invokeTestMethods(TestMethodWorker.java:125)
at org.testng.internal.TestMethodWorker.run(TestMethodWorker.java:109)
at org.testng.TestRunner.privateRun(TestRunner.java:648)
at org.testng.TestRunner.run(TestRunner.java:505)
at org.testng.SuiteRunner.runTest(SuiteRunner.java:455)
at org.testng.SuiteRunner.access$000(SuiteRunner.java:40)
at org.testng.SuiteRunner$SuiteWorker.run(SuiteRunner.java:489)
at org.testng.internal.thread.ThreadUtil$1.call(ThreadUtil.java:52)
at java.base/java.util.concurrent.FutureTask.run(FutureTask.java:264)
at java.base/java.util.concurrent.ThreadPoolExecutor.runWorker(ThreadPoolExecutor.java:1136)
at java.base/java.util.concurrent.ThreadPoolExecutor$Worker.run(ThreadPoolExecutor.java:635)
at java.base/java.lang.Thread.run(Thread.java:833)
]]>
            </full-stacktrace>
          </exception> <!-- java.lang.AssertionError -->
          <reporter-output>
          </reporter-output>
        </test-method> <!-- verifyFailTest -->
        <test-method signature="verifyFailTest()[pri:0, instance:com.qa.opencart.tests.LoginPageTest@396e6d9]" started-at="2024-06-27T09:02:53Z" name="verifyFailTest" finished-at="2024-06-27T09:02:54Z" duration-ms="35" status="SKIP">
          <exception class="java.lang.AssertionError">
            <message>
              <![CDATA[Login page title doesn't match expected. expected [Opencart] but found [Rakesh]]]>
            </message>
            <full-stacktrace>
              <![CDATA[java.lang.AssertionError: Login page title doesn't match expected. expected [Opencart] but found [Rakesh]
at org.testng.Assert.fail(Assert.java:96)
at org.testng.Assert.failNotEquals(Assert.java:776)
at org.testng.Assert.assertEqualsImpl(Assert.java:137)
at org.testng.Assert.assertEquals(Assert.java:118)
at org.testng.Assert.assertEquals(Assert.java:453)
at com.qa.opencart.tests.LoginPageTest.verifyFailTest(LoginPageTest.java:35)
at java.base/jdk.internal.reflect.NativeMethodAccessorImpl.invoke0(Native Method)
at java.base/jdk.internal.reflect.NativeMethodAccessorImpl.invoke(NativeMethodAccessorImpl.java:77)
at java.base/jdk.internal.reflect.DelegatingMethodAccessorImpl.invoke(DelegatingMethodAccessorImpl.java:43)
at java.base/java.lang.reflect.Method.invoke(Method.java:568)
at org.testng.internal.MethodInvocationHelper.invokeMethod(MethodInvocationHelper.java:124)
at org.testng.internal.Invoker.invokeMethod(Invoker.java:583)
at org.testng.internal.Invoker.retryFailed(Invoker.java:839)
at org.testng.internal.Invoker.invokeTestMethods(Invoker.java:1010)
at org.testng.internal.TestMethodWorker.invokeTestMethods(TestMethodWorker.java:125)
at org.testng.internal.TestMethodWorker.run(TestMethodWorker.java:109)
at org.testng.TestRunner.privateRun(TestRunner.java:648)
at org.testng.TestRunner.run(TestRunner.java:505)
at org.testng.SuiteRunner.runTest(SuiteRunner.java:455)
at org.testng.SuiteRunner.access$000(SuiteRunner.java:40)
at org.testng.SuiteRunner$SuiteWorker.run(SuiteRunner.java:489)
at org.testng.internal.thread.ThreadUtil$1.call(ThreadUtil.java:52)
at java.base/java.util.concurrent.FutureTask.run(FutureTask.java:264)
at java.base/java.util.concurrent.ThreadPoolExecutor.runWorker(ThreadPoolExecutor.java:1136)
at java.base/java.util.concurrent.ThreadPoolExecutor$Worker.run(ThreadPoolExecutor.java:635)
at java.base/java.lang.Thread.run(Thread.java:833)
]]>
            </full-stacktrace>
          </exception> <!-- java.lang.AssertionError -->
          <reporter-output>
          </reporter-output>
        </test-method> <!-- verifyFailTest -->
        <test-method signature="verifyFailTest()[pri:0, instance:com.qa.opencart.tests.LoginPageTest@396e6d9]" started-at="2024-06-27T09:02:54Z" name="verifyFailTest" finished-at="2024-06-27T09:02:54Z" duration-ms="30" status="SKIP">
          <exception class="java.lang.AssertionError">
            <message>
              <![CDATA[Login page title doesn't match expected. expected [Opencart] but found [Rakesh]]]>
            </message>
            <full-stacktrace>
              <![CDATA[java.lang.AssertionError: Login page title doesn't match expected. expected [Opencart] but found [Rakesh]
at org.testng.Assert.fail(Assert.java:96)
at org.testng.Assert.failNotEquals(Assert.java:776)
at org.testng.Assert.assertEqualsImpl(Assert.java:137)
at org.testng.Assert.assertEquals(Assert.java:118)
at org.testng.Assert.assertEquals(Assert.java:453)
at com.qa.opencart.tests.LoginPageTest.verifyFailTest(LoginPageTest.java:35)
at java.base/jdk.internal.reflect.NativeMethodAccessorImpl.invoke0(Native Method)
at java.base/jdk.internal.reflect.NativeMethodAccessorImpl.invoke(NativeMethodAccessorImpl.java:77)
at java.base/jdk.internal.reflect.DelegatingMethodAccessorImpl.invoke(DelegatingMethodAccessorImpl.java:43)
at java.base/java.lang.reflect.Method.invoke(Method.java:568)
at org.testng.internal.MethodInvocationHelper.invokeMethod(MethodInvocationHelper.java:124)
at org.testng.internal.Invoker.invokeMethod(Invoker.java:583)
at org.testng.internal.Invoker.retryFailed(Invoker.java:839)
at org.testng.internal.Invoker.invokeTestMethods(Invoker.java:1010)
at org.testng.internal.TestMethodWorker.invokeTestMethods(TestMethodWorker.java:125)
at org.testng.internal.TestMethodWorker.run(TestMethodWorker.java:109)
at org.testng.TestRunner.privateRun(TestRunner.java:648)
at org.testng.TestRunner.run(TestRunner.java:505)
at org.testng.SuiteRunner.runTest(SuiteRunner.java:455)
at org.testng.SuiteRunner.access$000(SuiteRunner.java:40)
at org.testng.SuiteRunner$SuiteWorker.run(SuiteRunner.java:489)
at org.testng.internal.thread.ThreadUtil$1.call(ThreadUtil.java:52)
at java.base/java.util.concurrent.FutureTask.run(FutureTask.java:264)
at java.base/java.util.concurrent.ThreadPoolExecutor.runWorker(ThreadPoolExecutor.java:1136)
at java.base/java.util.concurrent.ThreadPoolExecutor$Worker.run(ThreadPoolExecutor.java:635)
at java.base/java.lang.Thread.run(Thread.java:833)
]]>
            </full-stacktrace>
          </exception> <!-- java.lang.AssertionError -->
          <reporter-output>
          </reporter-output>
        </test-method> <!-- verifyFailTest -->
        <test-method signature="verifyFailTest()[pri:0, instance:com.qa.opencart.tests.LoginPageTest@396e6d9]" started-at="2024-06-27T09:02:54Z" name="verifyFailTest" finished-at="2024-06-27T09:02:54Z" duration-ms="41" status="FAIL">
          <exception class="java.lang.AssertionError">
            <message>
              <![CDATA[Login page title doesn't match expected. expected [Opencart] but found [Rakesh]]]>
            </message>
            <full-stacktrace>
              <![CDATA[java.lang.AssertionError: Login page title doesn't match expected. expected [Opencart] but found [Rakesh]
at org.testng.Assert.fail(Assert.java:96)
at org.testng.Assert.failNotEquals(Assert.java:776)
at org.testng.Assert.assertEqualsImpl(Assert.java:137)
at org.testng.Assert.assertEquals(Assert.java:118)
at org.testng.Assert.assertEquals(Assert.java:453)
at com.qa.opencart.tests.LoginPageTest.verifyFailTest(LoginPageTest.java:35)
at java.base/jdk.internal.reflect.NativeMethodAccessorImpl.invoke0(Native Method)
at java.base/jdk.internal.reflect.NativeMethodAccessorImpl.invoke(NativeMethodAccessorImpl.java:77)
at java.base/jdk.internal.reflect.DelegatingMethodAccessorImpl.invoke(DelegatingMethodAccessorImpl.java:43)
at java.base/java.lang.reflect.Method.invoke(Method.java:568)
at org.testng.internal.MethodInvocationHelper.invokeMethod(MethodInvocationHelper.java:124)
at org.testng.internal.Invoker.invokeMethod(Invoker.java:583)
at org.testng.internal.Invoker.retryFailed(Invoker.java:839)
at org.testng.internal.Invoker.invokeTestMethods(Invoker.java:1010)
at org.testng.internal.TestMethodWorker.invokeTestMethods(TestMethodWorker.java:125)
at org.testng.internal.TestMethodWorker.run(TestMethodWorker.java:109)
at org.testng.TestRunner.privateRun(TestRunner.java:648)
at org.testng.TestRunner.run(TestRunner.java:505)
at org.testng.SuiteRunner.runTest(SuiteRunner.java:455)
at org.testng.SuiteRunner.access$000(SuiteRunner.java:40)
at org.testng.SuiteRunner$SuiteWorker.run(SuiteRunner.java:489)
at org.testng.internal.thread.ThreadUtil$1.call(ThreadUtil.java:52)
at java.base/java.util.concurrent.FutureTask.run(FutureTask.java:264)
at java.base/java.util.concurrent.ThreadPoolExecutor.runWorker(ThreadPoolExecutor.java:1136)
at java.base/java.util.concurrent.ThreadPoolExecutor$Worker.run(ThreadPoolExecutor.java:635)
at java.base/java.lang.Thread.run(Thread.java:833)
]]>
            </full-stacktrace>
          </exception> <!-- java.lang.AssertionError -->
          <reporter-output>
          </reporter-output>
        </test-method> <!-- verifyFailTest -->
        <test-method signature="verifyLoginLinkIsPresent()[pri:0, instance:com.qa.opencart.tests.LoginPageTest@396e6d9]" started-at="2024-06-27T09:02:54Z" name="verifyLoginLinkIsPresent" finished-at="2024-06-27T09:02:54Z" duration-ms="398" status="PASS">
          <reporter-output>
          </reporter-output>
        </test-method> <!-- verifyLoginLinkIsPresent -->
        <test-method signature="verifyLoginPageTitle()[pri:0, instance:com.qa.opencart.tests.LoginPageTest@396e6d9]" started-at="2024-06-27T09:02:54Z" name="verifyLoginPageTitle" finished-at="2024-06-27T09:02:54Z" duration-ms="271" status="PASS">
          <reporter-output>
          </reporter-output>
        </test-method> <!-- verifyLoginPageTitle -->
        <test-method signature="verifyLoginPageUrl()[pri:0, instance:com.qa.opencart.tests.LoginPageTest@396e6d9]" started-at="2024-06-27T09:02:55Z" name="verifyLoginPageUrl" finished-at="2024-06-27T09:02:55Z" duration-ms="238" status="PASS">
          <reporter-output>
          </reporter-output>
        </test-method> <!-- verifyLoginPageUrl -->
        <test-method signature="verifyPasswordFieldIsPresent()[pri:0, instance:com.qa.opencart.tests.LoginPageTest@396e6d9]" started-at="2024-06-27T09:02:55Z" name="verifyPasswordFieldIsPresent" finished-at="2024-06-27T09:02:55Z" duration-ms="98" status="PASS">
          <reporter-output>
          </reporter-output>
        </test-method> <!-- verifyPasswordFieldIsPresent -->
        <test-method signature="verifyRegisterFieldIsPresent()[pri:0, instance:com.qa.opencart.tests.LoginPageTest@396e6d9]" started-at="2024-06-27T09:02:55Z" name="verifyRegisterFieldIsPresent" finished-at="2024-06-27T09:02:55Z" duration-ms="81" status="PASS">
          <reporter-output>
          </reporter-output>
        </test-method> <!-- verifyRegisterFieldIsPresent -->
        <test-method signature="verifyReturningCustomerTextIsPresent()[pri:0, instance:com.qa.opencart.tests.LoginPageTest@396e6d9]" started-at="2024-06-27T09:02:55Z" name="verifyReturningCustomerTextIsPresent" finished-at="2024-06-27T09:02:55Z" duration-ms="75" status="PASS">
          <reporter-output>
          </reporter-output>
        </test-method> <!-- verifyReturningCustomerTextIsPresent -->
        <test-method signature="verifySearchBoxIsPresent()[pri:0, instance:com.qa.opencart.tests.LoginPageTest@396e6d9]" started-at="2024-06-27T09:02:55Z" name="verifySearchBoxIsPresent" finished-at="2024-06-27T09:02:55Z" duration-ms="105" status="PASS">
          <reporter-output>
          </reporter-output>
        </test-method> <!-- verifySearchBoxIsPresent -->
        <test-method signature="verifySuccessfulLogin()[pri:0, instance:com.qa.opencart.tests.LoginPageTest@396e6d9]" started-at="2024-06-27T09:02:55Z" name="verifySuccessfulLogin" finished-at="2024-06-27T09:02:57Z" duration-ms="1858" status="PASS">
          <reporter-output>
          </reporter-output>
        </test-method> <!-- verifySuccessfulLogin -->
      </class> <!-- com.qa.opencart.tests.LoginPageTest -->
    </test> <!-- Open cart Login Page Test -->
    <test started-at="2024-06-27T09:02:40Z" name="Open cart Account Page Test" finished-at="2024-06-27T09:02:58Z" duration-ms="17743">
      <class name="com.qa.opencart.tests.AccountPageTest">
        <test-method is-config="true" signature="setup()[pri:0, instance:com.qa.opencart.tests.AccountPageTest@6b2e0f78]" started-at="2024-06-27T09:02:40Z" name="setup" finished-at="2024-06-27T09:02:52Z" duration-ms="12110" status="PASS">
          <reporter-output>
          </reporter-output>
        </test-method> <!-- setup -->
        <test-method is-config="true" signature="accountSetup()[pri:0, instance:com.qa.opencart.tests.AccountPageTest@6b2e0f78]" started-at="2024-06-27T09:02:52Z" name="accountSetup" finished-at="2024-06-27T09:02:54Z" duration-ms="2094" status="PASS">
          <reporter-output>
          </reporter-output>
        </test-method> <!-- accountSetup -->
        <test-method signature="LogoutLinkPresent()[pri:0, instance:com.qa.opencart.tests.AccountPageTest@6b2e0f78]" started-at="2024-06-27T09:02:54Z" name="LogoutLinkPresent" finished-at="2024-06-27T09:02:55Z" duration-ms="342" status="PASS">
          <reporter-output>
          </reporter-output>
        </test-method> <!-- LogoutLinkPresent -->
        <test-method signature="accountTitlrTest()[pri:0, instance:com.qa.opencart.tests.AccountPageTest@6b2e0f78]" started-at="2024-06-27T09:02:55Z" name="accountTitlrTest" finished-at="2024-06-27T09:02:55Z" duration-ms="30" status="PASS">
          <reporter-output>
          </reporter-output>
        </test-method> <!-- accountTitlrTest -->
        <test-method signature="addToCartButtonPresent()[pri:0, instance:com.qa.opencart.tests.AccountPageTest@6b2e0f78]" started-at="2024-06-27T09:02:55Z" name="addToCartButtonPresent" finished-at="2024-06-27T09:02:55Z" duration-ms="104" status="PASS">
          <reporter-output>
          </reporter-output>
        </test-method> <!-- addToCartButtonPresent -->
        <test-method signature="footerLinkAllList()[pri:0, instance:com.qa.opencart.tests.AccountPageTest@6b2e0f78]" started-at="2024-06-27T09:02:55Z" name="footerLinkAllList" finished-at="2024-06-27T09:02:56Z" duration-ms="1508" status="PASS">
          <reporter-output>
          </reporter-output>
        </test-method> <!-- footerLinkAllList -->
        <test-method signature="getMyAccountPresent()[pri:0, instance:com.qa.opencart.tests.AccountPageTest@6b2e0f78]" started-at="2024-06-27T09:02:56Z" name="getMyAccountPresent" finished-at="2024-06-27T09:02:57Z" duration-ms="71" status="PASS">
          <reporter-output>
          </reporter-output>
        </test-method> <!-- getMyAccountPresent -->
        <test-method signature="getPageUrlTest()[pri:0, instance:com.qa.opencart.tests.AccountPageTest@6b2e0f78]" started-at="2024-06-27T09:02:57Z" name="getPageUrlTest" finished-at="2024-06-27T09:02:57Z" duration-ms="17" status="PASS">
          <reporter-output>
          </reporter-output>
        </test-method> <!-- getPageUrlTest -->
        <test-method signature="getcontentMainHeaderList()[pri:0, instance:com.qa.opencart.tests.AccountPageTest@6b2e0f78]" started-at="2024-06-27T09:02:57Z" name="getcontentMainHeaderList" finished-at="2024-06-27T09:02:57Z" duration-ms="250" status="PASS">
          <reporter-output>
          </reporter-output>
        </test-method> <!-- getcontentMainHeaderList -->
        <test-method signature="homePageHeader()[pri:0, instance:com.qa.opencart.tests.AccountPageTest@6b2e0f78]" started-at="2024-06-27T09:02:57Z" name="homePageHeader" finished-at="2024-06-27T09:02:57Z" duration-ms="91" status="PASS">
          <reporter-output>
          </reporter-output>
        </test-method> <!-- homePageHeader -->
        <test-method signature="searchBoxPresent()[pri:0, instance:com.qa.opencart.tests.AccountPageTest@6b2e0f78]" started-at="2024-06-27T09:02:57Z" name="searchBoxPresent" finished-at="2024-06-27T09:02:57Z" duration-ms="84" status="PASS">
          <reporter-output>
          </reporter-output>
        </test-method> <!-- searchBoxPresent -->
        <test-method signature="userLogOutPage()[pri:0, instance:com.qa.opencart.tests.AccountPageTest@6b2e0f78]" started-at="2024-06-27T09:02:57Z" name="userLogOutPage" finished-at="2024-06-27T09:02:58Z" duration-ms="826" status="PASS">
          <reporter-output>
          </reporter-output>
        </test-method> <!-- userLogOutPage -->
      </class> <!-- com.qa.opencart.tests.AccountPageTest -->
    </test> <!-- Open cart Account Page Test -->
    <test started-at="2024-06-27T09:02:40Z" name="Open cart Register Test" finished-at="2024-06-27T09:03:20Z" duration-ms="39607">
      <class name="com.qa.opencart.tests.RegisterTest">
        <test-method is-config="true" signature="setup()[pri:0, instance:com.qa.opencart.tests.RegisterTest@7afb1741]" started-at="2024-06-27T09:02:40Z" name="setup" finished-at="2024-06-27T09:02:52Z" duration-ms="12007" status="PASS">
          <reporter-output>
          </reporter-output>
        </test-method> <!-- setup -->
        <test-method is-config="true" signature="regSetup()[pri:0, instance:com.qa.opencart.tests.RegisterTest@7afb1741]" started-at="2024-06-27T09:02:52Z" name="regSetup" finished-at="2024-06-27T09:02:53Z" duration-ms="1055" status="PASS">
          <reporter-output>
          </reporter-output>
        </test-method> <!-- regSetup -->
        <test-method signature="userRegisterTest(java.lang.String, java.lang.String, java.lang.String, java.lang.String, java.lang.String)[pri:0, instance:com.qa.opencart.tests.RegisterTest@7afb1741]" started-at="2024-06-27T09:02:56Z" name="userRegisterTest" data-provider="getRegisterTestData" finished-at="2024-06-27T09:02:59Z" duration-ms="3364" status="PASS">
          <params>
            <param index="0">
              <value>
                <![CDATA[Rakesh]]>
              </value>
            </param>
            <param index="1">
              <value>
                <![CDATA[k]]>
              </value>
            </param>
            <param index="2">
              <value>
                <![CDATA[963256985]]>
              </value>
            </param>
            <param index="3">
              <value>
                <![CDATA[Rak@1234]]>
              </value>
            </param>
            <param index="4">
              <value>
                <![CDATA[yes]]>
              </value>
            </param>
          </params>
          <reporter-output>
          </reporter-output>
        </test-method> <!-- userRegisterTest -->
        <test-method signature="userRegisterTest(java.lang.String, java.lang.String, java.lang.String, java.lang.String, java.lang.String)[pri:0, instance:com.qa.opencart.tests.RegisterTest@7afb1741]" started-at="2024-06-27T09:02:59Z" name="userRegisterTest" data-provider="getRegisterTestData" finished-at="2024-06-27T09:03:04Z" duration-ms="4831" status="PASS">
          <params>
            <param index="0">
              <value>
                <![CDATA[nehah]]>
              </value>
            </param>
            <param index="1">
              <value>
                <![CDATA[k]]>
              </value>
            </param>
            <param index="2">
              <value>
                <![CDATA[963256985]]>
              </value>
            </param>
            <param index="3">
              <value>
                <![CDATA[Rak@1234]]>
              </value>
            </param>
            <param index="4">
              <value>
                <![CDATA[yes]]>
              </value>
            </param>
          </params>
          <reporter-output>
          </reporter-output>
        </test-method> <!-- userRegisterTest -->
        <test-method signature="userRegisterTest(java.lang.String, java.lang.String, java.lang.String, java.lang.String, java.lang.String)[pri:0, instance:com.qa.opencart.tests.RegisterTest@7afb1741]" started-at="2024-06-27T09:03:04Z" name="userRegisterTest" data-provider="getRegisterTestData" finished-at="2024-06-27T09:03:12Z" duration-ms="7283" status="PASS">
          <params>
            <param index="0">
              <value>
                <![CDATA[Aarush]]>
              </value>
            </param>
            <param index="1">
              <value>
                <![CDATA[singh]]>
              </value>
            </param>
            <param index="2">
              <value>
                <![CDATA[963256985]]>
              </value>
            </param>
            <param index="3">
              <value>
                <![CDATA[Rak@1234]]>
              </value>
            </param>
            <param index="4">
              <value>
                <![CDATA[yes]]>
              </value>
            </param>
          </params>
          <reporter-output>
          </reporter-output>
        </test-method> <!-- userRegisterTest -->
        <test-method signature="userRegisterTest(java.lang.String, java.lang.String, java.lang.String, java.lang.String, java.lang.String)[pri:0, instance:com.qa.opencart.tests.RegisterTest@7afb1741]" started-at="2024-06-27T09:03:12Z" name="userRegisterTest" data-provider="getRegisterTestData" finished-at="2024-06-27T09:03:20Z" duration-ms="8106" status="PASS">
          <params>
            <param index="0">
              <value>
                <![CDATA[Aaruk]]>
              </value>
            </param>
            <param index="1">
              <value>
                <![CDATA[singh]]>
              </value>
            </param>
            <param index="2">
              <value>
                <![CDATA[963256985]]>
              </value>
            </param>
            <param index="3">
              <value>
                <![CDATA[Rak@1234]]>
              </value>
            </param>
            <param index="4">
              <value>
                <![CDATA[yes]]>
              </value>
            </param>
          </params>
          <reporter-output>
          </reporter-output>
        </test-method> <!-- userRegisterTest -->
      </class> <!-- com.qa.opencart.tests.RegisterTest -->
    </test> <!-- Open cart Register Test -->
    <test started-at="2024-06-27T09:02:57Z" name="Open cart Search Result PageTest" finished-at="2024-06-27T09:03:37Z" duration-ms="39397">
      <class name="com.qa.opencart.tests.SearchResultPageTest">
        <test-method is-config="true" signature="setup()[pri:0, instance:com.qa.opencart.tests.SearchResultPageTest@1460c81d]" started-at="2024-06-27T09:02:57Z" name="setup" finished-at="2024-06-27T09:03:11Z" duration-ms="13613" status="PASS">
          <reporter-output>
          </reporter-output>
        </test-method> <!-- setup -->
        <test-method signature="ProductDesc()[pri:0, instance:com.qa.opencart.tests.SearchResultPageTest@1460c81d]" started-at="2024-06-27T09:03:11Z" name="ProductDesc" finished-at="2024-06-27T09:03:17Z" duration-ms="6196" status="PASS">
          <reporter-output>
          </reporter-output>
        </test-method> <!-- ProductDesc -->
        <test-method signature="doSearch(java.lang.String)[pri:0, instance:com.qa.opencart.tests.SearchResultPageTest@1460c81d]" started-at="2024-06-27T09:03:17Z" name="doSearch" data-provider="getProductName" finished-at="2024-06-27T09:03:19Z" duration-ms="2080" status="PASS">
          <params>
            <param index="0">
              <value>
                <![CDATA[MacBook]]>
              </value>
            </param>
          </params>
          <reporter-output>
          </reporter-output>
        </test-method> <!-- doSearch -->
        <test-method signature="doSearch(java.lang.String)[pri:0, instance:com.qa.opencart.tests.SearchResultPageTest@1460c81d]" started-at="2024-06-27T09:03:19Z" name="doSearch" data-provider="getProductName" finished-at="2024-06-27T09:03:21Z" duration-ms="1830" status="PASS">
          <params>
            <param index="0">
              <value>
                <![CDATA[Imac]]>
              </value>
            </param>
          </params>
          <reporter-output>
          </reporter-output>
        </test-method> <!-- doSearch -->
        <test-method signature="doSearch(java.lang.String)[pri:0, instance:com.qa.opencart.tests.SearchResultPageTest@1460c81d]" started-at="2024-06-27T09:03:21Z" name="doSearch" data-provider="getProductName" finished-at="2024-06-27T09:03:23Z" duration-ms="2305" status="PASS">
          <params>
            <param index="0">
              <value>
                <![CDATA[Apple]]>
              </value>
            </param>
          </params>
          <reporter-output>
          </reporter-output>
        </test-method> <!-- doSearch -->
        <test-method signature="doSearch(java.lang.String)[pri:0, instance:com.qa.opencart.tests.SearchResultPageTest@1460c81d]" started-at="2024-06-27T09:03:23Z" name="doSearch" data-provider="getProductName" finished-at="2024-06-27T09:03:25Z" duration-ms="1800" status="PASS">
          <params>
            <param index="0">
              <value>
                <![CDATA[samsung]]>
              </value>
            </param>
          </params>
          <reporter-output>
          </reporter-output>
        </test-method> <!-- doSearch -->
        <test-method signature="imagesCountTest(java.lang.String, java.lang.String, int)[pri:0, instance:com.qa.opencart.tests.SearchResultPageTest@1460c81d]" started-at="2024-06-27T09:03:25Z" name="imagesCountTest" data-provider="getProductImagesName" finished-at="2024-06-27T09:03:27Z" duration-ms="2020" status="PASS">
          <params>
            <param index="0">
              <value>
                <![CDATA[MacBook]]>
              </value>
            </param>
            <param index="1">
              <value>
                <![CDATA[MacBook Pro]]>
              </value>
            </param>
            <param index="2">
              <value>
                <![CDATA[4]]>
              </value>
            </param>
          </params>
          <reporter-output>
          </reporter-output>
        </test-method> <!-- imagesCountTest -->
        <test-method signature="imagesCountTest(java.lang.String, java.lang.String, int)[pri:0, instance:com.qa.opencart.tests.SearchResultPageTest@1460c81d]" started-at="2024-06-27T09:03:27Z" name="imagesCountTest" data-provider="getProductImagesName" finished-at="2024-06-27T09:03:29Z" duration-ms="1204" status="PASS">
          <params>
            <param index="0">
              <value>
                <![CDATA[iMac]]>
              </value>
            </param>
            <param index="1">
              <value>
                <![CDATA[iMac]]>
              </value>
            </param>
            <param index="2">
              <value>
                <![CDATA[3]]>
              </value>
            </param>
          </params>
          <reporter-output>
          </reporter-output>
        </test-method> <!-- imagesCountTest -->
        <test-method signature="imagesCountTest(java.lang.String, java.lang.String, int)[pri:0, instance:com.qa.opencart.tests.SearchResultPageTest@1460c81d]" started-at="2024-06-27T09:03:29Z" name="imagesCountTest" data-provider="getProductImagesName" finished-at="2024-06-27T09:03:30Z" duration-ms="1077" status="PASS">
          <params>
            <param index="0">
              <value>
                <![CDATA[Apple]]>
              </value>
            </param>
            <param index="1">
              <value>
                <![CDATA[Apple Cinema 30"]]>
              </value>
            </param>
            <param index="2">
              <value>
                <![CDATA[6]]>
              </value>
            </param>
          </params>
          <reporter-output>
          </reporter-output>
        </test-method> <!-- imagesCountTest -->
        <test-method signature="imagesCountTest(java.lang.String, java.lang.String, int)[pri:0, instance:com.qa.opencart.tests.SearchResultPageTest@1460c81d]" started-at="2024-06-27T09:03:30Z" name="imagesCountTest" data-provider="getProductImagesName" finished-at="2024-06-27T09:03:31Z" duration-ms="965" status="PASS">
          <params>
            <param index="0">
              <value>
                <![CDATA[Samsung]]>
              </value>
            </param>
            <param index="1">
              <value>
                <![CDATA[Samsung SyncMaster 941BW]]>
              </value>
            </param>
            <param index="2">
              <value>
                <![CDATA[1]]>
              </value>
            </param>
          </params>
          <reporter-output>
          </reporter-output>
        </test-method> <!-- imagesCountTest -->
        <test-method signature="productDtaTest()[pri:0, instance:com.qa.opencart.tests.SearchResultPageTest@1460c81d]" started-at="2024-06-27T09:03:31Z" name="productDtaTest" finished-at="2024-06-27T09:03:32Z" duration-ms="1305" status="PASS">
          <reporter-output>
          </reporter-output>
        </test-method> <!-- productDtaTest -->
        <test-method signature="productInfoTest(java.lang.String, java.lang.String)[pri:0, instance:com.qa.opencart.tests.SearchResultPageTest@1460c81d]" started-at="2024-06-27T09:03:32Z" name="productInfoTest" data-provider="getMainProductName" finished-at="2024-06-27T09:03:33Z" duration-ms="1026" status="PASS">
          <params>
            <param index="0">
              <value>
                <![CDATA[MacBook]]>
              </value>
            </param>
            <param index="1">
              <value>
                <![CDATA[MacBook Pro]]>
              </value>
            </param>
          </params>
          <reporter-output>
          </reporter-output>
        </test-method> <!-- productInfoTest -->
        <test-method signature="productInfoTest(java.lang.String, java.lang.String)[pri:0, instance:com.qa.opencart.tests.SearchResultPageTest@1460c81d]" started-at="2024-06-27T09:03:33Z" name="productInfoTest" data-provider="getMainProductName" finished-at="2024-06-27T09:03:34Z" duration-ms="1111" status="PASS">
          <params>
            <param index="0">
              <value>
                <![CDATA[iMac]]>
              </value>
            </param>
            <param index="1">
              <value>
                <![CDATA[iMac]]>
              </value>
            </param>
          </params>
          <reporter-output>
          </reporter-output>
        </test-method> <!-- productInfoTest -->
        <test-method signature="productInfoTest(java.lang.String, java.lang.String)[pri:0, instance:com.qa.opencart.tests.SearchResultPageTest@1460c81d]" started-at="2024-06-27T09:03:34Z" name="productInfoTest" data-provider="getMainProductName" finished-at="2024-06-27T09:03:35Z" duration-ms="1199" status="PASS">
          <params>
            <param index="0">
              <value>
                <![CDATA[Apple]]>
              </value>
            </param>
            <param index="1">
              <value>
                <![CDATA[Apple Cinema 30"]]>
              </value>
            </param>
          </params>
          <reporter-output>
          </reporter-output>
        </test-method> <!-- productInfoTest -->
        <test-method signature="productInfoTest(java.lang.String, java.lang.String)[pri:0, instance:com.qa.opencart.tests.SearchResultPageTest@1460c81d]" started-at="2024-06-27T09:03:35Z" name="productInfoTest" data-provider="getMainProductName" finished-at="2024-06-27T09:03:37Z" duration-ms="1330" status="PASS">
          <params>
            <param index="0">
              <value>
                <![CDATA[Samsung]]>
              </value>
            </param>
            <param index="1">
              <value>
                <![CDATA[Samsung SyncMaster 941BW]]>
              </value>
            </param>
          </params>
          <reporter-output>
          </reporter-output>
        </test-method> <!-- productInfoTest -->
      </class> <!-- com.qa.opencart.tests.SearchResultPageTest -->
    </test> <!-- Open cart Search Result PageTest -->
  </suite> <!-- Open Cart Test Regression Suite -->
</testng-results>
